TMS340 COFF Macro Assembler Version 6.10     Wed Apr 21 11:38:20 2021
 Copyright (c) 1985-1991  Texas Instruments Incorporated 

                                                                     PAGE    1

       1                            .MLIB   "HHMACS.LIB"
       2                            .FILE   "HHSTATS.ASM"
       3                            .WIDTH  132
       4                            .OPTION B,D,L,T
       5                            .MNOLIST
       6                    
       7                    *
       8                    *GET THE SYSTEM STUFF
       9                    *
      10                            .INCLUDE        "HH.INC"
      11                            .INCLUDE        "HHSTRING.H"
      12                            .INCLUDE        "IMGTBL.GLO"
      13                            .include        "HHSTATS.TBL"
      14                            .include        "HHSTATS2.TBL"
      15                            .include        "hhstats.e"
      16                            .include        "hhpick.g"
      17                            .include        "hhstabl2.g"
      18                            .include        "hhutil.g"
      19                            .include        "hhscore.g"
      20                            .include        "hhd.g"
      21                            .include        "hhtext.g"
      22                            .include        "hhtg.g"
      23                            .include        "hhram.g"
      24                            .include        "hhpall.g"
      25                            .include        "hhfade.g"
      26                            .include        "hhgame.g"
      27                            .include        "hhsnd.g"
      28                            .include        "hhc.g"
      29                            .include        "hhplayer.g"
      30                            .include        "HHPROC.G"
      31                            .include        "hhstable.g"
      32                            .include        "hhmisc.g"
      33                    
      34                    ; end of include files
      35                    
      36 00000000                   .BSS    P1_STATS,8*8
      37 00000040                   .BSS    P2_STATS,8*8
      38 00000080                   .BSS    P3_STATS,8*8
      39 000000c0                   .BSS    P4_STATS,8*8
      40                    
      41 00000100                   .BSS    HILITE_SOUND_FLAG,16
      42                    
      43 00000000                   .TEXT
      44 00000000                   .EVEN
      45                    
      46                    **************************************************************************
      47                    *                                                                        *
      48                    * DISPLAY_INTERMISSION_PAGE                                              *
      49                    *                                                                        *
      50                    * PASS:                                                                  *
      51                    * NUTIN'                                                                 *
      52                    * RETURN:                                                                *
      53                    * NUTIN'                                                                 *
      54                    *                                                                        *
      55                    **************************************************************************
TMS340 COFF Macro Assembler Version 6.10     Wed Apr 21 11:38:20 2021
 Copyright (c) 1985-1991  Texas Instruments Incorporated 

                                                                     PAGE    2

      56                    
      57              0006  P1_STAT_X       EQU     11-5
      58              0037  P1_STAT_Y       EQU     55
      59                    
      60              00d8  P4_STAT_X       EQU     211+5
      61              009a  P4_STAT_Y       EQU     154
      62                    
      63              0010  P2_STAT_X       EQU     P1_STAT_X+10
      64                    
      65              00ce  P3_STAT_X       EQU     P4_STAT_X-10
      66                    
      67 00000000           DISPLAY_INTERMISSION_PAGE
      68 00000000                   BLACKON
      69                    
      70 00000040     09e0          MOVI    FONTGRYP,A0
         00000050 00000000! 
      71 00000070     0d5f          CALLA   GETFPAL
         00000080 00000000! 
      72                    ;       MOVI    PRPTXT1P,A0
      73 000000a0     09e0          MOVI    ORGTXT1P,A0
         000000b0 00000000! 
      74 000000d0     0d5f          CALLA   GETFPAL
         000000e0 00000000! 
      75 00000100     09e0          MOVI    GLDTXT5P,A0
         00000110 00000000! 
      76 00000130     0d5f          CALLA   GETFPAL
         00000140 00000000! 
      77                    
      78 00000160     09f0          MOVI    METAL_ICE_INIT,B0
         00000170 00000000! 
      79 00000190     0d5f          CALLA   MULTIMAKE
         000001a0 00000000! 
      80                    ;       MOVI    BLUMETALP,A0
      81                    ;       CALLA   CHANGE_PAL_MULTI
      82                    
      83 000001c0     05ae          MOVE    @GAME_STATE,A14,W
         000001d0 00000000! 
      84 000001f0     0b4e          CMPI    INEPILOG,A14
         00000200     ff9f  
      85 00000210     cb07          JRNE    DIP_GET_HEADER                  ;BR=GET HEADER FROM TABLE
      86 00000220     09e8          MOVI    END_OF_GAME_STRING,A8
         00000230 00004320' 
      87 00000250     09eb          MOVI    H18FONT,A11                     ;FONT
         00000260 00000000! 
      88 00000280     c00c          JRUC    DIP_PUT_HEADER
      89                    
      90 00000290           DIP_GET_HEADER
      91 00000290     05a8          MOVE    @period,A8,W
         000002a0 00000000! 
      92 000002c0     1428          DEC     A8
      93 000002d0     24a8          SLL     5,A8
      94 000002e0     0b28          ADDI    INTER_HEADER_TABLE,A8
         000002f0 00003ff0' 
      95 00000310     8708          MOVE    *A8,A8,L                        ;POINTER TO STRING
      96 00000320     09eb          MOVI    H18TFONT,A11                    ;FONT
TMS340 COFF Macro Assembler Version 6.10     Wed Apr 21 11:38:20 2021
 Copyright (c) 1985-1991  Texas Instruments Incorporated 

                                                                     PAGE    3

         00000330 00000000! 
      97                    
      98 00000350           DIP_PUT_HEADER
      99 00000350     09d1          MOVI    OID_TEXT,B1                     ;[SOUND,OID]
         00000360     0480  
     100 00000370     5600          CLR     A0                              ;NO SLEEP TIL
     101 00000380     09e1          MOVI    STRCNCONV,A1                    ;ROUTINE
         00000390 00000000! 
     102 000003b0     09c5          MOVI    HFPAL+0101H,A5                  ;[COLOR,PALETTE]
         000003c0     0303  
     103 000003d0     09e9          MOVI    [3,199],A9
         000003e0 000300c7  
     104 00000400     09ea          MOVI    [0,-1],A10                      ;[Y,X] SPACING
         00000410 0000ffff  
     105 00000430                   JSRP    PRINTF
     106                    
     107 000004a0     05a9          MOVE    @team1,A9,W
         000004b0 00000000! 
     108 000004d0     2549          SLL     10,A9
     109 000004e0     0b29          ADDI    team_data,A9
         000004f0 00000000! 
     110                    
     111 00000510     09f0          MOVI    LOGO_INIT,B0
         00000520 00000000! 
     112 00000540     0d5f          CALLA   EASYMAKE
         00000550 00000000! 
     113 00000570     09e1          MOVI    [27,47],A1
         00000580 001b002f  
     114 000005a0     1942          MOVK    10,A2
     115 000005b0     0d5f          CALLA   SET_SCRNOBJ
         000005c0 00000000! 
     116 000005e0     0d5f          CALLA   INSERT_OBJ
         000005f0 00000000! 
     117 00000610     b504          MOVE    *A8(OCTRL),A4,W
         00000620     01f0  
     118 00000630     b721          MOVE    *A9(TD_TEAMLOGO_IMG),A1,L
         00000640     0260  
     119 00000650     0d5f          CALLA   ANI
         00000660 00000000! 
     120 00000680     b620          MOVE    *A1(ICMAP),A0,L
         00000690     0070  
     121 000006a0     0d5f          CALLA   CHANGE_PAL
         000006b0 00000000! 
     122                    
     123 000006d0     09e5          MOVI    [30,103],A5
         000006e0 001e0067  
     124 00000700     09e6          MOVI    [42,103],A6
         00000710 002a0067  
     125 00000730     05ae          MOVE    @team1,A14,W
         00000740 00000000! 
     126 00000760     0b4e          CMPI    team_mighty_ducks,A14
         00000770     ffea  
     127 00000780     cb03          JRNE    DIP_LEFT_TEAM_NAME              ;BR=NO MIGHTY FUDGE
     128 00000790                   SWAP    A5,A6
     129 000007c0           DIP_LEFT_TEAM_NAME      
TMS340 COFF Macro Assembler Version 6.10     Wed Apr 21 11:38:20 2021
 Copyright (c) 1985-1991  Texas Instruments Incorporated 

                                                                     PAGE    4

     130                    
     131 000007c0     09f0          MOVI    TEAM_NAME_INIT,B0
         000007d0 00000000! 
     132 000007f0     0d5f          CALLA   EASYMAKE
         00000800 00000000! 
     133 00000820     4ca1          MOVE    A5,A1
     134 00000830     5642          CLR     A2
     135 00000840     0d5f          CALLA   SET_SCRNOBJ
         00000850 00000000! 
     136 00000870     0d5f          CALLA   INSERT_OBJ
         00000880 00000000! 
     137 000008a0     b504          MOVE    *A8(OCTRL),A4,W
         000008b0     01f0  
     138 000008c0     b721          MOVE    *A9(TD_CITY_IMG),A1,L
         000008d0     02c0  
     139 000008e0     0d5f          CALLA   ANI
         000008f0 00000000! 
     140 00000910     09e0          MOVI    BLUTXT3P,A0
         00000920 00000000! 
     141 00000940     0d5f          CALLA   CHANGE_PAL
         00000950 00000000! 
     142                    
     143 00000970     09f0          MOVI    TEAM_NAME_INIT,B0
         00000980 00000000! 
     144 000009a0     0d5f          CALLA   EASYMAKE
         000009b0 00000000! 
     145 000009d0     4cc1          MOVE    A6,A1
     146 000009e0     5642          CLR     A2
     147 000009f0     0d5f          CALLA   SET_SCRNOBJ
         00000a00 00000000! 
     148 00000a20     0d5f          CALLA   INSERT_OBJ
         00000a30 00000000! 
     149 00000a50     b504          MOVE    *A8(OCTRL),A4,W
         00000a60     01f0  
     150 00000a70     b721          MOVE    *A9(TD_TEAMNAME_IMG),A1,L
         00000a80     0240  
     151 00000a90     0d5f          CALLA   ANI
         00000aa0 00000000! 
     152 00000ac0     09e0          MOVI    BLUTXT3P,A0
         00000ad0 00000000! 
     153 00000af0     0d5f          CALLA   CHANGE_PAL
         00000b00 00000000! 
     154                    
     155 00000b20     05a9          MOVE    @team2,A9,W
         00000b30 00000000! 
     156 00000b50     2549          SLL     10,A9
     157 00000b60     0b29          ADDI    team_data,A9
         00000b70 00000000! 
     158                    
     159 00000b90     09f0          MOVI    LOGO_INIT,B0
         00000ba0 00000000! 
     160 00000bc0     0d5f          CALLA   EASYMAKE
         00000bd0 00000000! 
     161 00000bf0     09e1          MOVI    [27,352],A1
         00000c00 001b0160  
TMS340 COFF Macro Assembler Version 6.10     Wed Apr 21 11:38:20 2021
 Copyright (c) 1985-1991  Texas Instruments Incorporated 

                                                                     PAGE    5

     162 00000c20     1942          MOVK    10,A2
     163 00000c30     0d5f          CALLA   SET_SCRNOBJ
         00000c40 00000000! 
     164 00000c60     0d5f          CALLA   INSERT_OBJ
         00000c70 00000000! 
     165 00000c90     b504          MOVE    *A8(OCTRL),A4,W
         00000ca0     01f0  
     166 00000cb0     b721          MOVE    *A9(TD_TEAMLOGO_IMG),A1,L
         00000cc0     0260  
     167 00000cd0     0d5f          CALLA   ANI
         00000ce0 00000000! 
     168 00000d00     b620          MOVE    *A1(ICMAP),A0,L
         00000d10     0070  
     169 00000d20     0d5f          CALLA   CHANGE_PAL
         00000d30 00000000! 
     170                    
     171 00000d50     09e5          MOVI    [30,295],A5
         00000d60 001e0127  
     172 00000d80     09e6          MOVI    [42,295],A6
         00000d90 002a0127  
     173 00000db0     05ae          MOVE    @team2,A14,W
         00000dc0 00000000! 
     174 00000de0     0b4e          CMPI    team_mighty_ducks,A14
         00000df0     ffea  
     175 00000e00     cb03          JRNE    DIP_RIGHT_TEAM_NAME             ;BR=NO MIGHTY FUDGE
     176 00000e10                   SWAP    A5,A6
     177 00000e40           DIP_RIGHT_TEAM_NAME     
     178                    
     179 00000e40     09f0          MOVI    TEAM_NAME_INIT,B0
         00000e50 00000000! 
     180 00000e70     0d5f          CALLA   EASYMAKE
         00000e80 00000000! 
     181 00000ea0     4ca1          MOVE    A5,A1
     182 00000eb0     5642          CLR     A2
     183 00000ec0     0d5f          CALLA   SET_SCRNOBJ
         00000ed0 00000000! 
     184 00000ef0     0d5f          CALLA   INSERT_OBJ
         00000f00 00000000! 
     185 00000f20     b504          MOVE    *A8(OCTRL),A4,W
         00000f30     01f0  
     186 00000f40     b721          MOVE    *A9(TD_CITY_IMG),A1,L
         00000f50     02c0  
     187 00000f60     0d5f          CALLA   ANI
         00000f70 00000000! 
     188 00000f90     09e0          MOVI    REDTXT3P,A0
         00000fa0 00000000! 
     189 00000fc0     0d5f          CALLA   CHANGE_PAL
         00000fd0 00000000! 
     190                    
     191 00000ff0     09f0          MOVI    TEAM_NAME_INIT,B0
         00001000 00000000! 
     192 00001020     0d5f          CALLA   EASYMAKE
         00001030 00000000! 
     193 00001050     4cc1          MOVE    A6,A1
     194 00001060     5642          CLR     A2
TMS340 COFF Macro Assembler Version 6.10     Wed Apr 21 11:38:20 2021
 Copyright (c) 1985-1991  Texas Instruments Incorporated 

                                                                     PAGE    6

     195 00001070     0d5f          CALLA   SET_SCRNOBJ
         00001080 00000000! 
     196 000010a0     0d5f          CALLA   INSERT_OBJ
         000010b0 00000000! 
     197 000010d0     b504          MOVE    *A8(OCTRL),A4,W
         000010e0     01f0  
     198 000010f0     b721          MOVE    *A9(TD_TEAMNAME_IMG),A1,L
         00001100     0240  
     199 00001110     0d5f          CALLA   ANI
         00001120 00000000! 
     200 00001140     09e0          MOVI    REDTXT3P,A0
         00001150 00000000! 
     201 00001170     0d5f          CALLA   CHANGE_PAL
         00001180 00000000! 
     202                    
     203 000011a0     09f0          MOVI    PLAYER_1_STAT_INIT,B0
         000011b0 000043c0' 
     204 000011d0     09e9          MOVI    PLAYER_1_BLOCK,A9
         000011e0 00000000! 
     205 00001200     09eb          MOVI    P1_STATS,A11
         00001210 00000000- 
     206 00001230     0d3f          CALLR   DO_PLAYER_STAT
         00001240     01f3  
     207                    
     208 00001250     09f0          MOVI    PLAYER_2_STAT_INIT,B0
         00001260 00004c80' 
     209 00001280     09e9          MOVI    PLAYER_2_BLOCK,A9
         00001290 00000000! 
     210 000012b0     09eb          MOVI    P2_STATS,A11
         000012c0 00000040- 
     211 000012e0     0d3f          CALLR   DO_PLAYER_STAT
         000012f0     01e8  
     212                    
     213 00001300     09f0          MOVI    PLAYER_3_STAT_INIT,B0
         00001310 00005580' 
     214 00001330                   KITN    4
     215 00001370     ca03          JREQ    DIP_3_GO                        ;BR=4 PLAYER KIT
     216 00001380     09f0          MOVI    PLAYER_3_2P_STAT_INIT,B0
         00001390 00005e40' 
     217 000013b0           DIP_3_GO
     218 000013b0     09e9          MOVI    PLAYER_5_BLOCK,A9
         000013c0 00000000! 
     219 000013e0     09eb          MOVI    P3_STATS,A11
         000013f0 00000080- 
     220 00001410     0d3f          CALLR   DO_PLAYER_STAT
         00001420     01d5  
     221                    
     222 00001430     09f0          MOVI    PLAYER_4_STAT_INIT,B0
         00001440 00006700' 
     223 00001460                   KITN    4
     224 000014a0     ca03          JREQ    DIP_4_GO                        ;BR=4 PLAYER KIT
     225 000014b0     09f0          MOVI    PLAYER_4_2P_STAT_INIT,B0
         000014c0 00006fc0' 
     226 000014e0           DIP_4_GO
     227 000014e0     09e9          MOVI    PLAYER_6_BLOCK,A9
TMS340 COFF Macro Assembler Version 6.10     Wed Apr 21 11:38:20 2021
 Copyright (c) 1985-1991  Texas Instruments Incorporated 

                                                                     PAGE    7

         000014f0 00000000! 
     228 00001510     09eb          MOVI    P4_STATS,A11
         00001520 000000c0- 
     229 00001540     0d3f          CALLR   DO_PLAYER_STAT
         00001550     01c2  
     230                    
     231 00001560                   BLACKOFF
     232                    
     233 000015a0     09ce          MOVI    99,A14
         000015b0     0063  
     234 000015c0     058e          MOVE    A14,@MAX_PALXFERS,W
         000015d0 00000000! 
     235 000015f0     5600          CLR     A0
     236 00001600     0d5f          CALLA   FADEINF                 ;FADE DOWN ALL PALETTES
         00001610 00000000! 
     237 00001630                   JSRP    FADE_WAIT
     238 000016a0     0d5f          CALLA   RESET_MAX_PALXFERS
         000016b0 00000000! 
     239                    
     240                    ;       MOVI    REDTXT3P,A8
     241                    ;       MOVK    4,A9
     242                    ;       MOVK    20,A10
     243                    ;       MOVK    2,A11
     244                    ;       CREATE  PID_COLOR,CYCLE16
     245                    
     246 000016d0                   JSRP    REVIEW_STATS
     247                    
     248 00001740                   RETP
     249                    
     250                    **************************************************************************
     251                    *                                                                        *
     252                    * C_CHECK_STAT_2P - CHECK FOR 2 PLAYER KIT                               *
     253                    *                                                                        *
     254                    **************************************************************************
     255                    
     256 00001770           C_CHECK_STAT_2P
     257 00001770                   KITN    4
     258 000017b0     ca06          JREQ    CCS2P_DONE                      ;BR=4 PLAYER KIT
     259 000017c0     b40e          MOVE    *A0(OCTRL),A14,W                        
         000017d0     01f0  
     260 000017e0     2f8e          SRL     4,A14                           ;TURN OFF OBJECT
     261 000017f0     248e          SLL     4,A14
     262 00001800     b1c0          MOVE    A14,*A0(OCTRL),W
         00001810     01f0  
     263 00001820           CCS2P_DONE
     264 00001820     0960          RETS
     265                    
     266                    **************************************************************************
     267                    *                                                                        *
     268                    * REVIEW_STATS                                                           *
     269                    *                                                                        *
     270                    * PASS:                                                                  *
     271                    * NUTIN'                                                                 *
     272                    * RETURN:                                                                *
     273                    * NUTIN'                                                                 *
TMS340 COFF Macro Assembler Version 6.10     Wed Apr 21 11:38:20 2021
 Copyright (c) 1985-1991  Texas Instruments Incorporated 

                                                                     PAGE    8

     274                    *                                                                        *
     275                    **************************************************************************
     276                    
     277 00001830           REVIEW_STATS
     278 00001830     5600          CLR     A0                              ;FIRST STAT OFFSET
     279 00001840     576b          CLR     A11                             ;RESET BUTTON HITS
     280 00001850           RS_LUPE
     281 00001850     0d3f          CALLR   FIND_STAT_LEADERS
         00001860     00b6  
     282 00001870     1b29          MOVK    25,A9
     283 00001880     4d6b          MOVE    A11,A11
     284 00001890     ca01          JRZ     RS_HILITE                       ;BR=NO BUTTON YET
     285 000018a0     1949          MOVK    10,A9
     286 000018b0           RS_HILITE
     287 000018b0     0d3f          CALLR   HILITE_LEADERS_STAT
         000018c0     00d1  
     288                    
     289 000018d0     4c21          MOVE    A1,A1
     290 000018e0     ca0c          JRZ     RS_L_NEXT                       ;BR=NO LEADERS
     291                    
     292 000018f0     098c          MMTM    A12,A0,A1,A9
         00001900     c040  
     293 00001910           RS_NAP_LUPE
     294 00001910                   SLEEP   1
     295 00001950     0d5f          CALLA   CHECK_BUTTON_ABORT
         00001960 00000000! 
     296 00001980     3d09          DSJS    A9,RS_NAP_LUPE  
     297 00001990     09ac          MMFM    A12,A0,A1,A9
         000019a0     0203  
     298 000019b0           RS_L_NEXT
     299 000019b0     1100          ADDK    8,A0
     300 000019c0     0b40          CMPI    8*7,A0
         000019d0     ffc7  
     301 000019e0     c4e6          JRLT    RS_LUPE
     302                    
     303 000019f0     4c22          MOVE    A1,A2
     304 00001a00     ca37          JRZ     RS_DONE                         ;BR=NO POINT LEADERS
     305                    
     306                    ;       SUBK    8,A0
     307                    ;       MOVE    A0,A10
     308                    ;       MOVE    A1,A11
     309                    ;       CREATE  PID_IND,FLASH_POINTS_STAT_PROC
     310                    
     311 00001a10     57ce          CLR     A14
     312 00001a20           RS_COUNT_LEADERS_LUPE
     313 00001a20     1fe1          BTST    0,A1
     314 00001a30     ca01          JRZ     RS_CLL_NEXT                     ;BR=NOT POINT LEADIN'
     315 00001a40     102e          INC     A14
     316 00001a50           RS_CLL_NEXT
     317 00001a50     2fe1          SRL     1,A1
     318 00001a60     cbfb          JRNZ    RS_COUNT_LEADERS_LUPE           ;BR=MORE TO COUNT
     319                    
     320 00001a70     142e          DEC     A14
     321 00001a80     ca05          JRZ     RS_SET_ANIM                     ;BR=ONLY ONE LEADER
     322                    
TMS340 COFF Macro Assembler Version 6.10     Wed Apr 21 11:38:20 2021
 Copyright (c) 1985-1991  Texas Instruments Incorporated 

                                                                     PAGE    9

     323 00001a90     09c0          MOVI    8*4,A0                          ;GOAL STAT
         00001aa0     0020  
     324 00001ab0     0d3f          CALLR   FIND_STAT_LEADERS
         00001ac0     0090  
     325 00001ad0     5022          AND     A1,A2                           ;GOAL AND POINT LEADER
     326                    
     327 00001ae0           RS_SET_ANIM
     328 00001ae0     09e8          MOVI    SUPPLSTS-OSLINK+1*020H,A8
         00001af0 ffffffe0! 
     329 00001b10     05a4          MOVE    @period,A4,W
         00001b20 00000000! 
     330 00001b40     1484          SUBK    4,A4
     331 00001b50     ca1f          JRZ     RS_SA_NEXT                      ;BR=END OF OVERTIME GAME
     332 00001b60     1024          INC     A4
     333 00001b70     cb1d          JRNZ    RS_SA_NEXT                      ;BR=NOT END OF 3RD PERIOD
     334 00001b80     05a0          MOVE    @team1_score,A0,W
         00001b90 00000000! 
     335 00001bb0     05a1          MOVE    @team2_score,A1,W
         00001bc0 00000000! 
     336 00001be0     4801          CMP     A0,A1
     337 00001bf0     cb15          JRNE    RS_SA_NEXT                      ;BR=END OF 3-PERIOD GAME
     338 00001c00     1824          MOVK    1,A4                            ;FLAG NOT END OF GAME
     339 00001c10     c013          JRUC    RS_SA_NEXT
     340 00001c20           RS_SA_LUPE
     341 00001c20     b503          MOVE    *A8(OID),A3,W
         00001c30     0430  
     342 00001c40     0b83          ANDI    0F0H,A3
         00001c50 ffffff0f  
     343 00001c70     2f83          SRL     4,A3
     344 00001c80     1423          DEC     A3
     345 00001c90     4a62          BTST    A3,A2
     346 00001ca0     ca0a          JRZ     RS_SA_NEXT                      ;BR=NOT POINT LEADIN'
     347                    
     348 00001cb0     09e1          MOVI    CROWD_FLASH_ANIM,A1
         00001cc0 00007b70' 
     349 00001ce0     0d5f          CALLA   STRT_ANIM
         00001cf0 00000000! 
     350                    
     351 00001d10     4c84          MOVE    A4,A4
     352 00001d20     cb02          JRNZ    RS_SA_NEXT                      ;BR=NO STARS
     353                    
     354 00001d30     0d3f          CALLR   MAKE_STARS
         00001d40     0006  
     355 00001d50           RS_SA_NEXT
     356 00001d50     b708          MOVE    *A8(OSLINK),A8,L
         00001d60     0040  
     357 00001d70     cbea          JRNZ    RS_SA_LUPE
     358                    
     359 00001d80           RS_DONE
     360 00001d80                   RETP
     361                    
     362                    
     363                    **************************************************************************
     364                    *                                                                        *
     365                    * MAKE_STARS                                                             *
TMS340 COFF Macro Assembler Version 6.10     Wed Apr 21 11:38:20 2021
 Copyright (c) 1985-1991  Texas Instruments Incorporated 

                                                                     PAGE   10

     366                    *                                                                        *
     367                    * PASS:                                                                  *
     368                    * A3 = PLAYER NUMBER - 1                                                 *
     369                    *                                                                        *
     370                    **************************************************************************
     371                    
     372 00001db0           MAKE_STARS
     373 00001db0     098f          MMTM    SP,A2,A3,A4,A8
         00001dc0     3880  
     374                            
     375 00001dd0     09f0          MOVI    STARS_INIT,B0
         00001de0 000020e0' 
     376 00001e00     0d5f          CALLA   EASYMAKE
         00001e10 00000000! 
     377 00001e30     ca17          JRZ     MS_ABORT
     378                    
     379 00001e40     09e1          MOVI    STARS_YX_TABLE,A1
         00001e50 00001fe0' 
     380 00001e70                   KITN    4
     381 00001eb0     ca03          JREQ    MS_GET_YXPOS                    ;BR=4 PLAYER KIT
     382 00001ec0     09e1          MOVI    STARS_YX_2P_TABLE,A1
         00001ed0 00002060' 
     383 00001ef0           MS_GET_YXPOS
     384 00001ef0     24a3          SLL     5,A3
     385 00001f00     4061          ADD     A3,A1
     386 00001f10     8621          MOVE    *A1,A1,L                        ;[Y,X] POSITION
     387                    
     388 00001f20     09e2          MOVI    TEXTZVAL-100,A2
         00001f30 83ffff9c  
     389 00001f50     0d5f          CALLA   SET_SCRNOBJ
         00001f60 00000000! 
     390 00001f80     0d5f          CALLA   INSERT_OBJ
         00001f90 00000000! 
     391                    
     392                    ;       MOVE    A1,A9
     393                    ;       ADDI    [34,0],A9
     394                    ;
     395                    ;       MOVI    TOPPLAYER_INIT,B0
     396                    ;       CALLA   EASYMAKE
     397                    ;       JRZ     MS_ABORT
     398                    ;
     399                    ;       MOVE    A9,A1
     400                    ;       MOVI    TEXTZVAL,A2
     401                    ;       CALLA   SET_SCRNOBJ
     402                    ;       CALLA   INSERT_OBJ
     403                    
     404 00001fb0           MS_ABORT
     405 00001fb0     09af          MMFM    SP,A2,A3,A4,A8
         00001fc0     011c  
     406 00001fd0     0960          RETS
     407                    
     408              0036  STARS_XOFF      EQU     54
     409              002f  STARS_YOFF      EQU     47
     410                    
     411 00001fe0           STARS_YX_TABLE
TMS340 COFF Macro Assembler Version 6.10     Wed Apr 21 11:38:20 2021
 Copyright (c) 1985-1991  Texas Instruments Incorporated 

                                                                     PAGE   11

     412 00001fe0 0066003c          .LONG   [P1_STAT_Y+STARS_YOFF,P1_STAT_X+STARS_XOFF]
     413 00002000 00c90046          .LONG   [P4_STAT_Y+STARS_YOFF,P2_STAT_X+STARS_XOFF]
     414 00002020 00660104          .LONG   [P1_STAT_Y+STARS_YOFF,P3_STAT_X+STARS_XOFF]
     415 00002040 00c9010e          .LONG   [P4_STAT_Y+STARS_YOFF,P4_STAT_X+STARS_XOFF]
     416                    
     417 00002060           STARS_YX_2P_TABLE
     418 00002060 0066003c          .LONG   [P1_STAT_Y+STARS_YOFF,P1_STAT_X+STARS_XOFF]
     419 00002080 00c90046          .LONG   [P4_STAT_Y+STARS_YOFF,P2_STAT_X+STARS_XOFF]
     420 000020a0 00c9010e          .LONG   [P4_STAT_Y+STARS_YOFF,P4_STAT_X+STARS_XOFF]
     421 000020c0 00660104          .LONG   [P1_STAT_Y+STARS_YOFF,P3_STAT_X+STARS_XOFF]
     422                    
     423 000020e0           STARS_INIT
     424 000020e0 000010e0"         .long   STAR301
     425 00002100     8002          .word   DMAWNZ,M_SCRNOBJ|M_NOVEL|M_NOSCALE
     426 00002120     0104          .word   OM_OID|OM_ANIM
     427 00002130     07ff          .word   OID_JUNK
     428 00002140 00002160'         .LONG   STARS_ANIM
     429                    
     430                    ;TOPPLAYER_INIT
     431                    ;       .long   TOPPLAYER
     432                    ;       .word   DMAWNZ,M_SCRNOBJ|M_NOVEL|M_NOSCALE
     433                    ;       .word   OM_OID
     434                    ;       .word   OID_JUNK
     435                    
     436 00002160           STARS_ANIM
     437 00002160                   LW      STAR301,5
     438 00002190                   LW      STAR302,5
     439 000021c0                   LW      STAR303,5
     440 000021f0                   LW      STAR304,5
     441 00002220                   LW      STAR305,5
     442 00002250                   LW      STAR306,5
     443 00002280 00000000          .long   0
     444                    
     445                    
     446                    **************************************************************************
     447                    *                                                                        *
     448                    * FLASH_POINTS_STAT_PROC                                                 *
     449                    *                                                                        *
     450                    **************************************************************************
     451                    
     452 000022a0           FLASH_POINTS_STAT_PROC
     453 000022a0     1848          MOVK    2,A8
     454 000022b0           FPSP_LUPE
     455 000022b0     4d2e          MOVE    A9,A14
     456 000022c0     102e          INC     A14
     457 000022d0                   SLEEPR  A14
     458                    
     459 00002310     098c          MMTM    A12,A8,A10,A11
         00002320     00b0  
     460 00002330     4d40          MOVE    A10,A0
     461 00002340     4d61          MOVE    A11,A1
     462 00002350     0d3f          CALLR   HILITE_LEADERS_STAT
         00002360     0027  
     463 00002370     09ac          MMFM    A12,A8,A10,A11
         00002380     0d00  
TMS340 COFF Macro Assembler Version 6.10     Wed Apr 21 11:38:20 2021
 Copyright (c) 1985-1991  Texas Instruments Incorporated 

                                                                     PAGE   12

     464                    
     465 00002390     3de8          DSJ     A8,FPSP_LUPE
     466                    
     467 000023a0                   DIE
     468                    
     469                    **************************************************************************
     470                    *                                                                        *
     471                    * FIND_STAT_LEADERS                                                      *
     472                    *                                                                        *
     473                    * PASS:                                                                  *
     474                    * A0 = STAT OFFSET                                                       *
     475                    * RETURN:                                                                *
     476                    * A1 = LEADERS                                                           *
     477                    *                                                                        *
     478                    **************************************************************************
     479                    
     480 000023d0           FIND_STAT_LEADERS
     481 000023d0                   PUSH    A2
     482 000023e0     09e2          MOVI    P1_STATS,A2
         000023f0 00000000- 
     483 00002410     4002          ADD     A0,A2
     484 00002420     8e43          MOVB    *A2,A3                          ;DEFAULT HIGH
     485                    
     486 00002430     1864          MOVK    3,A4
     487 00002440           FSLS_FIND_HIGH_LUPE
     488 00002440     0b02          ADDI    8*8,A2
         00002450     0040  
     489 00002460     8e4e          MOVB    *A2,A14
     490 00002470     486e          CMP     A3,A14
     491 00002480     c601          JRLE    FSLS_FHL_NEXT                   ;BR=NOT GREATER
     492 00002490     4dc3          MOVE    A14,A3                          ;NEW HIGH
     493 000024a0           FSLS_FHL_NEXT
     494 000024a0     3ce4          DSJS    A4,FSLS_FIND_HIGH_LUPE
     495                    
     496 000024b0     5621          CLR     A1
     497 000024c0     4c63          MOVE    A3,A3
     498 000024d0     ca0e          JRZ     FSLS_DONE                       ;BR=NO LEADERS
     499                    
     500 000024e0     09e2          MOVI    P1_STATS,A2
         000024f0 00000000- 
     501 00002510     4002          ADD     A0,A2
     502 00002520     1825          MOVK    1,A5
     503 00002530     1884          MOVK    4,A4
     504 00002540           FSLS_FIND_LEADERS_LUPE
     505 00002540     8e4e          MOVB    *A2,A14
     506 00002550     486e          CMP     A3,A14
     507 00002560     c401          JRLT    FSLS_FLL_NEXT                   ;BR=NOT HIGH
     508 00002570     54a1          OR      A5,A1                           ;SET LEADER
     509 00002580           FSLS_FLL_NEXT
     510 00002580     0b02          ADDI    8*8,A2
         00002590     0040  
     511 000025a0     2425          SLL     1,A5
     512 000025b0     3d04          DSJS    A4,FSLS_FIND_LEADERS_LUPE
     513 000025c0           FSLS_DONE
     514 000025c0                   PULLQ   A2
TMS340 COFF Macro Assembler Version 6.10     Wed Apr 21 11:38:20 2021
 Copyright (c) 1985-1991  Texas Instruments Incorporated 

                                                                     PAGE   13

     515 000025d0     0960          RETS
     516                    
     517                    **************************************************************************
     518                    *                                                                        *
     519                    * HILITE_LEADERS_STAT                                                    *
     520                    *                                                                        *
     521                    * PASS:                                                                  *
     522                    * A0 = STAT OFFSET                                                       *
     523                    * A1 = LEADERS                                                           *
     524                    * A9 = SLEEP TIME                                                        *
     525                    *                                                                        *
     526                    **************************************************************************
     527                    
     528 000025e0           HILITE_LEADERS_STAT
     529 000025e0     098f          MMTM    SP,A0,A1
         000025f0     c000  
     530                    
     531 00002600     4c22          MOVE    A1,A2
     532 00002610     ca1d          JRZ     HLS_DONE                        ;BR=NO LEADERS
     533                    
     534 00002620     57ce          CLR     A14
     535 00002630     058e          MOVE    A14,@HILITE_SOUND_FLAG,W        ;RESET FLAG TO ENABLE SOUND
         00002640 00000100- 
     536                    
     537 00002660     4c08          MOVE    A0,A8
     538 00002670     2448          SLL     2,A8
     539 00002680     0b28          ADDI    SUPPLSTS-OSLINK+9*020H,A8
         00002690 000000e0! 
     540 000026b0     c010          JRUC    HLS_NEXT
     541 000026c0           HLS_LUPE
     542 000026c0     b50a          MOVE    *A8(OID),A10,W
         000026d0     0430  
     543 000026e0     0b8a          ANDI    07H,A10
         000026f0 fffffff8  
     544 00002710     142a          DEC     A10
     545 00002720     4b42          BTST    A10,A2
     546 00002730     ca08          JRZ     HLS_NEXT                        ;BR=NOT LEADIN'
     547                    
     548 00002740                   CREATE  PID_IND,HILITE_PROC
     549                    
     550 000027c0           HLS_NEXT
     551 000027c0     b708          MOVE    *A8(OSLINK),A8,L
         000027d0     0040  
     552 000027e0     cbed          JRNZ    HLS_LUPE                        ;BR=LIST NOT DONE
     553                    
     554 000027f0           HLS_DONE
     555 000027f0     09af          MMFM    SP,A0,A1
         00002800     0003  
     556 00002810     0960          RETS
     557                    
     558                    
     559                    **************************************************************************
     560                    *                                                                        *
     561                    * HILITE_PROC                                                            *
     562                    *                                                                        *
TMS340 COFF Macro Assembler Version 6.10     Wed Apr 21 11:38:20 2021
 Copyright (c) 1985-1991  Texas Instruments Incorporated 

                                                                     PAGE   14

     563                    * PASS:                                                                  *
     564                    * A9  = SLEEP TIME                                                       *
     565                    * A10 = PLAYER NUMBER - 1                                                *
     566                    *                                                                        *
     567                    **************************************************************************
     568                    
     569 00002820           HILITE_PROC
     570 00002820     1429          DEC     A9
     571                    
     572 00002830     b50e          MOVE    *A8(OID),A14,W
         00002840     0430  
     573 00002850     4dcb          MOVE    A14,A11
     574 00002860     2eab          SRL     11,A11
     575 00002870     152b          SUBK    9,A11
     576                    
     577                    ;       MOVI    INVERSE_ORANGE_TEXT,A5
     578                    ;       CMPI    15-9,A11
     579                    ;       JRNE    HP_INVERT_PAL                   ;BR=NOT POINTS STAT
     580                    ;       MOVI    INVERSE_RED_TEXT,A5
     581                    ;HP_INVERT_PAL
     582 00002880     09e5          MOVI    INVERSE_WHITE_TEXT,A5
         00002890 000030b0' 
     583 000028b0     4ca0          MOVE    A5,A0
     584 000028c0     0d5f          CALLA   CHANGE_PAL
         000028d0 00000000! 
     585                    
     586 000028f0     1f8e          BTST    3,A14
     587 00002900     cb49          JRNZ    HP_NAP                          ;BR=NOT STAT TITLE
     588                    
     589 00002910                   PUSHP   A8
     590 00002920     09f0          MOVI    HILITE_BAR_INIT,B0
         00002930 00002ec0' 
     591 00002950     0d5f          CALLA   EASYMAKE
         00002960 00000000! 
     592                    
     593 00002980     05ae          MOVE    @HILITE_SOUND_FLAG,A14,W
         00002990 00000100- 
     594 000029b0     cb09          JRNZ    HP_SET_POS_TABLES               ;BR=SOUND ALREADY CALLED
     595                    
     596                    ;       MOVI    S_CURSOR_SELECT,A4
     597 000029c0     09c4          MOVI    S_STAT_HILITE,A4
         000029d0     0120  
     598 000029e0     0d5f          CALLA   do_sound
         000029f0 00000000! 
     599                    
     600 00002a10     182e          MOVK    1,A14
     601 00002a20     058e          MOVE    A14,@HILITE_SOUND_FLAG,W                ;FLAG SOUND FOR THIS STAT
         00002a30 00000100- 
     602                    
     603 00002a50           HP_SET_POS_TABLES
     604 00002a50     09e3          MOVI    HILITE_X_TABLE,A3
         00002a60 00002fb0' 
     605 00002a80     09e4          MOVI    HILITE_Y_TABLE,A4
         00002a90 00003030' 
     606 00002ab0                   KITN    4
TMS340 COFF Macro Assembler Version 6.10     Wed Apr 21 11:38:20 2021
 Copyright (c) 1985-1991  Texas Instruments Incorporated 

                                                                     PAGE   15

     607 00002af0     ca06          JREQ    HP_GET_BAR_POS                  ;BR=4 PLAYER KIT
     608 00002b00     09e3          MOVI    HILITE_X_2P_TABLE,A3
         00002b10 00002ff0' 
     609 00002b30     09e4          MOVI    HILITE_Y_2P_TABLE,A4
         00002b40 00003070' 
     610 00002b60           HP_GET_BAR_POS
     611 00002b60     248a          SLL     4,A10
     612 00002b70     4143          ADD     A10,A3
     613 00002b80     8461          MOVE    *A3,A1,W                        ;X POSITION
     614 00002b90     4144          ADD     A10,A4
     615 00002ba0     848e          MOVE    *A4,A14,W                       ;Y POSITION
     616 00002bb0     260e          SLL     16,A14
     617 00002bc0     efc1          MOVY    A14,A1
     618                    
     619 00002bd0     1983          MOVK    12,A3                           ;COMPUTE Y STAT OFFSET
     620 00002be0     5f63          MPYU    A11,A3
     621 00002bf0     2603          SLL     16,A3
     622 00002c00     e061          ADDXY   A3,A1                           ;OFFSET Y
     623                    
     624 00002c10     09c2          MOVI    -3,A2
         00002c20     fffd  
     625 00002c30     0d5f          CALLA   SET_SCRNOBJ
         00002c40 00000000! 
     626                    
     627 00002c60     4ca0          MOVE    A5,A0
     628 00002c70     0d5f          CALLA   CHANGE_PAL
         00002c80 00000000! 
     629                    
     630 00002ca0     09c0          MOVI    0101H,A0
         00002cb0     0101  
     631 00002cc0     b008          MOVE    A0,*A8(OCONST),W
         00002cd0     0290  
     632                    
     633 00002ce0     0d5f          CALLA   INSERT_OBJ
         00002cf0 00000000! 
     634 00002d10                   SLEEPR  A9
     635 00002d50     0d5f          CALLA   DELETE_OBJ
         00002d60 00000000! 
     636 00002d80                   PULLPQ  A8
     637 00002d90     c004          JRUC    HP_PICK_PAL
     638                    
     639 00002da0           HP_NAP
     640 00002da0                   SLEEPR  A9
     641 00002de0           HP_PICK_PAL
     642 00002de0     09e0          MOVI    ORGTXT1P,A0
         00002df0 00000000! 
     643                    
     644 00002e10     14cb          SUBK    15-9,A11
     645 00002e20     cb03          JRNZ    HP_PAL_SET                      ;BR=NOT POINTS STAT
     646                    
     647 00002e30     09e0          MOVI    REDTXT3P,A0
         00002e40 00000000! 
     648 00002e60           HP_PAL_SET
     649 00002e60     0d5f          CALLA   CHANGE_PAL
         00002e70 00000000! 
TMS340 COFF Macro Assembler Version 6.10     Wed Apr 21 11:38:20 2021
 Copyright (c) 1985-1991  Texas Instruments Incorporated 

                                                                     PAGE   16

     650                    
     651 00002e90                   DIE
     652                    
     653 00002ec0           HILITE_BAR_INIT
     654 00002ec0 00002f20'         .long   STAT_BAR
     655                    ;       .word   DMAWNZ,M_SCRNOBJ|M_NOVEL|M_NOSCALE
     656 00002ee0     800c          .word   DMACAL,M_SCRNOBJ|M_NOVEL|M_NOSCALE
     657 00002f00     0100          .word   OM_OID
     658 00002f10     07ff          .word   OID_JUNK
     659                    
     660 00002f20           STAT_BAR
     661 00002f20     1000          .word   01000H,78,12
     662 00002f50 00000000          .long   00H
     663 00002f70     ffa4          .word   -92,-5
     664                    ;       .long   INVERSE_ORANGE_TEXT
     665 00002f90 000030b0'         .LONG   INVERSE_WHITE_TEXT
     666                    
     667 00002fb0           HILITE_X_TABLE
     668 00002fb0     0006          .WORD   P1_STAT_X,P2_STAT_X,P3_STAT_X,P4_STAT_X
     669                    
     670 00002ff0           HILITE_X_2P_TABLE
     671 00002ff0     0006          .WORD   P1_STAT_X,P2_STAT_X,P4_STAT_X,P3_STAT_X
     672                    
     673 00003030           HILITE_Y_TABLE
     674 00003030     0037          .WORD   P1_STAT_Y,P4_STAT_Y,P1_STAT_Y,P4_STAT_Y
     675                    
     676 00003070           HILITE_Y_2P_TABLE
     677 00003070     0037          .WORD   P1_STAT_Y,P4_STAT_Y,P4_STAT_Y,P1_STAT_Y
     678                    
     679 000030b0           INVERSE_WHITE_TEXT
     680 000030b0     000c     .word   12 
     681 000030c0     7c1f     .word   07c1fh,07fffh,00000h,00000h,00000h,00000h,00000h,00000h
     682 00003140     0000     .word   00000h,00000h,00000h,00000h
     683                              
     684                    ;INVERSE_ORANGE_TEXT
     685                    ;  .word   12 
     686                    ;  .word   07c1fh,31 << 10 + 10 << 5 + 2,00000h,00000h,00000h,00000h,00000h,00000h
     687                    ;  .word   00000h,00000h,00000h,00000h
     688                    ;
     689                    ;INVERSE_RED_TEXT
     690                    ;   .word   12 
     691                    ;   .word   07c1fh,31 << 10,00000h,00000h,00000h,00000h,00000h,00000h
     692                    ;   .word   00000h,00000h,00000h,00000h
     693                    
     694                    
     695                    **************************************************************************
     696                    *                                                                        *
     697                    * DO_PLAYER_STAT - DISPLAY PLAYER STATISTICS                             *
     698                    *                                                                        *
     699                    * PASS:                                                                  *
     700                    * A9 = PLAYER BLOCK ADDRESS                                              *
     701                    * B0 = MULTIMAKE SCRIPT                                                  *
     702                    * RETURN:                                                                *
     703                    * NUTIN'                                                                 *
     704                    *                                                                        *
TMS340 COFF Macro Assembler Version 6.10     Wed Apr 21 11:38:20 2021
 Copyright (c) 1985-1991  Texas Instruments Incorporated 

                                                                     PAGE   17

     705                    **************************************************************************
     706                    
     707 00003180           DO_PLAYER_STAT
     708 00003180     0d5f          CALLA   MULTIMAKE
         00003190 00000000! 
     709 000031b0     09e0          MOVI    POSITP,A0
         000031c0 00000000! 
     710 000031e0     0d5f          CALLA   CHANGE_PAL
         000031f0 00000000! 
     711                    
     712 00003210     b708          MOVE    *A8(OPARTS),A8,L
         00003220     00c0  
     713 00003230     b522          MOVE    *A9(POF_CHARACTER),A2,W
         00003240     0070  
     714 00003250     24a2          SLL     5,A2
     715 00003260     0b22          ADDI    player_data,A2
         00003270 00000000! 
     716 00003290     8642          MOVE    *A2,A2,L
     717 000032a0     b641          MOVE    *A2(TP_PLYRMUG_IMG),A1,L
         000032b0     0140  
     718                    ;       MOVE    A1,A4
     719 000032c0     2f81          SRL     4,A1
     720 000032d0     2481          SLL     4,A1
     721 000032e0     09e4          MOVI    DMAWNZ,A4
         000032f0 00008002  
     722                    ;       SLL     28,A4
     723                    ;       SRL     24,A4
     724                    ;       ORI     DMAWNZ,A4
     725 00003310     0d5f          CALLA   ANI
         00003320 00000000! 
     726 00003340     b620          MOVE    *A1(ICMAP),A0,L
         00003350     0070  
     727 00003360     0d5f          CALLA   CHANGE_PAL
         00003370 00000000! 
     728                    
     729 00003390     b708          MOVE    *A8(OPARTS),A8,L
         000033a0     00c0  
     730 000033b0     b641          MOVE    *A2(TP_PLYRNAME_IMG),A1,L
         000033c0     0120  
     731 000033d0     09e4          MOVI    DMAWNZ,A4
         000033e0 00008002  
     732 00003400     0d5f          CALLA   ANI
         00003410 00000000! 
     733                    
     734 00003430     4d26          MOVE    A9,A6
     735 00003440     aece          MOVB    *A6(POF_NUMBER),A14
         00003450     0000  
     736 00003460     4fc0          MOVE    A14,B0
     737 00003470     0b50          CMPI    5,B0
         00003480     fffa  
     738 00003490     c401          JRLT    DSP_GET_FIRST_STAT_OBJ          ;BR=PLAYER 1 OR 2
     739 000034a0     1450          SUBK    2,B0                            ;FIX PLAYER 3 OR 4
     740 000034b0           DSP_GET_FIRST_STAT_OBJ
     741 000034b0     b708          MOVE    *A8(OPARTS),A8,L                ;OBJECT WITH UPPER LEFT POSITION
         000034c0     00c0  
TMS340 COFF Macro Assembler Version 6.10     Wed Apr 21 11:38:20 2021
 Copyright (c) 1985-1991  Texas Instruments Incorporated 

                                                                     PAGE   18

     742                    
     743 000034d0     b709          MOVE    *A8(ODAG),A9,L
         000034e0     0220  
     744 000034f0     09ee          MOVI    [6,167],A14
         00003500 000600a7  
     745 00003520     e1c9          ADDXY   A14,A9
     746 00003530     09c0          MOVI    POF_SHOTS_P1,A0
         00003540     0780  
     747 00003550     09d1          MOVI    OID_STAT_1|8,B1
         00003560     4ca8  
     748 00003570     5411          OR      B0,B1
     749 00003580     0d3f          CALLR   TOTAL_STAT
         00003590     0070  
     750 000035a0                   JSRP    PRINT_STAT
     751 00003610     8c2b          MOVB    A1,*A11
     752 00003620     110b          ADDK    8,A11
     753                    
     754 00003630     09ea          MOVI    [12,0],A10
         00003640 000c0000  
     755 00003660     e149          ADDXY   A10,A9
     756 00003670     09c0          MOVI    POF_CHECKS_P1,A0
         00003680     0820  
     757 00003690     09d1          MOVI    OID_STAT_2|8,B1
         000036a0     54a8  
     758 000036b0     5411          OR      B0,B1
     759 000036c0     0d3f          CALLR   TOTAL_STAT
         000036d0     005c  
     760 000036e0                   JSRP    PRINT_STAT
     761 00003750     8c2b          MOVB    A1,*A11
     762 00003760     110b          ADDK    8,A11
     763                    
     764 00003770     e149          ADDXY   A10,A9
     765 00003780     09c0          MOVI    POF_STEALS_P1,A0
         00003790     0800  
     766 000037a0     09d1          MOVI    OID_STAT_3|8,B1
         000037b0     5ca8  
     767 000037c0     5411          OR      B0,B1
     768 000037d0     0d3f          CALLR   TOTAL_STAT
         000037e0     004b  
     769 000037f0                   JSRP    PRINT_STAT
     770 00003860     8c2b          MOVB    A1,*A11
     771 00003870     110b          ADDK    8,A11
     772                    
     773 00003880     e149          ADDXY   A10,A9
     774 00003890     09c0          MOVI    POF_PASSES_P1,A0
         000038a0     07e0  
     775 000038b0     09d1          MOVI    OID_STAT_4|8,B1
         000038c0     64a8  
     776 000038d0     5411          OR      B0,B1
     777 000038e0     0d3f          CALLR   TOTAL_STAT
         000038f0     003a  
     778 00003900                   JSRP    PRINT_STAT
     779 00003970     8c2b          MOVB    A1,*A11
     780 00003980     110b          ADDK    8,A11
     781                    
TMS340 COFF Macro Assembler Version 6.10     Wed Apr 21 11:38:20 2021
 Copyright (c) 1985-1991  Texas Instruments Incorporated 

                                                                     PAGE   19

     782 00003990     e149          ADDXY   A10,A9
     783 000039a0     09c0          MOVI    POF_GOALS_P1,A0
         000039b0     07a0  
     784 000039c0     09d1          MOVI    OID_STAT_5|8,B1
         000039d0     6ca8  
     785 000039e0     5411          OR      B0,B1
     786 000039f0     0d3f          CALLR   TOTAL_STAT
         00003a00     0029  
     787 00003a10                   JSRP    PRINT_STAT
     788 00003a80     8c2b          MOVB    A1,*A11
     789 00003a90     110b          ADDK    8,A11
     790 00003aa0     4c22          MOVE    A1,A2
     791                    
     792 00003ab0     e149          ADDXY   A10,A9
     793 00003ac0     09c0          MOVI    POF_ASSISTS_P1,A0
         00003ad0     07c0  
     794 00003ae0     09d1          MOVI    OID_STAT_6|8,B1
         00003af0     74a8  
     795 00003b00     5411          OR      B0,B1
     796 00003b10     0d3f          CALLR   TOTAL_STAT
         00003b20     0017  
     797 00003b30                   JSRP    PRINT_STAT
     798 00003ba0     8c2b          MOVB    A1,*A11
     799 00003bb0     110b          ADDK    8,A11
     800                    
     801 00003bc0     e149          ADDXY   A10,A9
     802 00003bd0     4041          ADD     A2,A1
     803 00003be0     09d1          MOVI    OID_STAT_7|8,B1
         00003bf0     7ca8  
     804 00003c00     5411          OR      B0,B1
     805 00003c10                   JSRP    PRINT_STAT                      ;POINTS = GOAL + ASSISTS
     806 00003c80     8c2b          MOVB    A1,*A11
     807                    
     808 00003c90     0960          RETS
     809                    
     810                    **************************************************************************
     811                    *                                                                        *
     812                    * TOTAL_STAT - TOTAL A GIVEN PLAYER STATISTIC                            *
     813                    *                                                                        *
     814                    * PASS:                                                                  *
     815                    * A0 = STATISTIC OFFSET INTO PLAYER BLOCK                                *
     816                    * A6 = PLAYER BLOCK ADDRESS                                              *
     817                    * RETURN:                                                                *
     818                    * A1 = TOTAL                                                             *
     819                    *                                                                        *
     820                    **************************************************************************
     821                    
     822 00003ca0           TOTAL_STAT
     823 00003ca0     098f          MMTM    SP,A2,A3,A6
         00003cb0     3200  
     824 00003cc0     4006          ADD     A0,A6
     825 00003cd0     5621          CLR     A1                              ;RESET TOTAL
     826 00003ce0     5642          CLR     A2                              ;PERIOD COUNT
     827 00003cf0     05a3          MOVE    @period,A3,W
         00003d00 00000000! 
TMS340 COFF Macro Assembler Version 6.10     Wed Apr 21 11:38:20 2021
 Copyright (c) 1985-1991  Texas Instruments Incorporated 

                                                                     PAGE   20

     828 00003d20           TS_LUPE
     829 00003d20     8ece          MOVB    *A6,A14
     830 00003d30     41c1          ADD     A14,A1
     831 00003d40     1106          ADDK    8,A6
     832 00003d50     1022          INC     A2
     833 00003d60     4862          CMP     A3,A2
     834 00003d70     cbfa          JRNE    TS_LUPE                         ;BR=STILL MORE PERIODS TO TOTAL
     835 00003d80     09af          MMFM    SP,A2,A3,A6
         00003d90     004c  
     836 00003da0     0960          RETS
     837                    
     838                    **************************************************************************
     839                    *                                                                        *
     840                    * PRINT_STAT - PRINT SINGLE STATISTIC                                    *
     841                    *                                                                        *
     842                    * PASS:                                                                  *
     843                    * A1 = VALUE                                                             *
     844                    * A9 = [Y, X] POSITION                                                   *
     845                    *                                                                        *
     846                    * RETURN:                                                                *
     847                    * NUTIN'                                                                 *
     848                    *                                                                        *
     849                    **************************************************************************
     850                    
     851 00003db0           PRINT_STAT
     852 00003db0     098f          MMTM    SP,A0,A1,A2,A5,A6,A7,A8,A9,A10,A11
         00003dc0     e7f0  
     853 00003dd0     099f          MMTM    SP,B0,B1
         00003de0     c000  
     854                    
     855 00003df0     0581          MOVE    A1,@RAMTEMP1,W
         00003e00 00000000! 
     856                    
     857 00003e20     5600          CLR     A0                              ;NO SLEEP TIL
     858 00003e30     09e1          MOVI    STRRNCONV,A1                    ;ROUTINE
         00003e40 00000000! 
     859 00003e60     09c5          MOVI    HFPAL,A5                        ;[COLOR,PALETTE]
         00003e70     0202  
     860 00003e80     09e8          MOVI    STAT_VALUE_STRING,A8                    ;POINTER TO STRING
         00003e90 00004380' 
     861 00003eb0     09ea          MOVI    [0,-1],A10                      ;[Y,X] SPACING
         00003ec0 0000ffff  
     862 00003ee0     09eb          MOVI    H10FONT,A11                     ;FONT
         00003ef0 00000000! 
     863 00003f10                   JSRP    PRINTF
     864                    
     865 00003f80     09bf          MMFM    SP,B0,B1
         00003f90     0003  
     866 00003fa0     09af          MMFM    SP,A0,A1,A2,A5,A6,A7,A8,A9,A10,A11
         00003fb0     0fe7  
     867 00003fc0                   RETP
     868                    
     869 00003ff0           INTER_HEADER_TABLE
     870 00003ff0 00004050'         .long   END_OF_FIRST_STRING,END_OF_SECOND_STRING
     871 00004030 00004230'         .long   END_OF_THIRD_STRING
TMS340 COFF Macro Assembler Version 6.10     Wed Apr 21 11:38:20 2021
 Copyright (c) 1985-1991  Texas Instruments Incorporated 

                                                                     PAGE   21

     872                    
     873 00004050           END_OF_FIRST_STRING
     874 00004050       45          .STRING "END OF 1\dST\d PERIOD",0
     875                    ;       .long   H10FONT
     876 00004100 00000000!         .long   H11WFONT
     877 00004120 00000000!         .long   H18TFONT
     878                    
     879 00004140           END_OF_SECOND_STRING
     880 00004140       45          .STRING "END OF 2\dND\d PERIOD",0
     881                    ;       .long   H10FONT
     882 000041f0 00000000!         .long   H11WFONT
     883 00004210 00000000!         .long   H18TFONT
     884                    
     885 00004230           END_OF_THIRD_STRING
     886 00004230       45          .STRING "END OF 3\dRD\d PERIOD",0
     887                    ;       .long   H10FONT
     888 000042e0 00000000!         .long   H11WFONT
     889 00004300 00000000!         .long   H18TFONT
     890                    
     891 00004320           END_OF_GAME_STRING
     892 00004320       45          .STRING "END OF GAME",0
     893                    
     894 00004380           STAT_VALUE_STRING
     895 00004380       25          .STRING "%u",0
     896 000043a0 00000000!         .LONG   RAMTEMP1
     897                    
     898 000043c0           PLAYER_1_STAT_INIT
     899 000043c0       0f          .byte   15, 0, 0, 9     ;OBJCNT, PRCCNT, IMGPALCNT, PALCNT
     900 000043e0 00000000!         .long   GNUMS           ;IMGPAL
     901 00004400 00000000!         .long   CHELIOS1P       ;IMGPAL
     902 00004420 00000000!         .long   LSTNME1P        ;IMGPAL
     903 00004440 00000000!         .long   FRAMEA04P       ;IMGPAL
     904 00004460 00000000!         .long   PLAYERP         ;IMGPAL
     905 00004480 00000000!         .long   FLASHA01P       ;IMGPAL
     906 000044a0 00000000!         .long   BLUBARA2P       ;IMGPAL
     907 000044c0 00000000!         .long   GFONT10CP       ;IMGPAL
     908 000044e0 00000000!         .long   BLUFRMP         ;IMGPAL
     909 00004500     07ff          .word   OID_JUNK, OM_POS|OM_INSERT      ;OID, GLOBAL_OPTIONS
     910 00004520 00060000          .long   [P1_STAT_X,0],[P1_STAT_Y,0],0
     911                    *        .long IMG
     912                    *        .word OCTRL, OFLAGS, OZOFF
     913                    *        .word OPTIONS
     914                    
     915 00004580                   LWWWW   G01, DMAWNZ, M_SCRNOBJ|M_NOSCALE, -1, OM_OPARTS
     916 000045e0 00050004          .long   [5,4]
     917 00004600                   LWWWW   M_CHELIOS, DMAWNZ, M_SCRNOBJ|M_NOSCALE, 1, OM_OPARTS
     918 00004660 004e0035          .long   [78,53]
     919 00004680                   LWWWW   CHELIOS1, DMAWNZ, M_SCRNOBJ|M_NOSCALE, -1, OM_OPARTS
     920 000046e0 00080035          .long   [8,53]
     921 00004700                   LWWWW   STATCARD1, DMAWNZ, M_SCRNOBJ|M_NOSCALE, 0, 0
     922 00004760                   LWWWW   PPLAYER, DMAWNZ, M_SCRNOBJ|M_NOSCALE, -1, OM_OPARTS
     923 000047c0 00190004          .long   [25,4]
     924 000047e0                   LWWWW   COMPA00, DMAWNZ, M_SCRNOBJ|M_NOSCALE, 2, OM_OID
     925 00004840     0910          .WORD   OID_PLAYER_1
     926 00004850                   LWWWW   BLUBAR1, DMAWNZ, M_SCRNOBJ|M_NOSCALE, -1, 0
TMS340 COFF Macro Assembler Version 6.10     Wed Apr 21 11:38:20 2021
 Copyright (c) 1985-1991  Texas Instruments Incorporated 

                                                                     PAGE   22

     927 000048b0                   LWWWW   SHOTS, DMAWNZ, M_SCRNOBJ|M_NOSCALE, -4, OM_OID
     928 00004910     4ca1          .WORD   OID_STAT_1|1
     929 00004920                   LWWWW   CHECKS, DMAWNZ, M_SCRNOBJ|M_NOSCALE, -4, OM_OID
     930 00004980     54a1          .WORD   OID_STAT_2|1    
     931 00004990                   LWWWW   STEALS, DMAWNZ, M_SCRNOBJ|M_NOSCALE, -4, OM_OID
     932 000049f0     5ca1          .WORD   OID_STAT_3|1    
     933 00004a00                   LWWWW   PASSES, DMAWNZ, M_SCRNOBJ|M_NOSCALE, -4, OM_OID
     934 00004a60     64a1          .WORD   OID_STAT_4|1    
     935 00004a70                   LWWWW   GOALS, DMAWNZ, M_SCRNOBJ|M_NOSCALE, -4, OM_OID
     936 00004ad0     6ca1          .WORD   OID_STAT_5|1    
     937 00004ae0                   LWWWW   ASSISTS, DMAWNZ, M_SCRNOBJ|M_NOSCALE, -4, OM_OID
     938 00004b40     74a1          .WORD   OID_STAT_6|1    
     939 00004b50                   LWWWW   POINTS, DMAWNZ, M_SCRNOBJ|M_NOSCALE, -4, OM_OID
     940 00004bb0     7ca1          .WORD   OID_STAT_7|1    
     941 00004bc0                   LWWWW   STATSLH1, DMAWNZ, M_SCRNOBJ|M_NOSCALE, 3, OM_OPARTS|OM_CFUNC
     942 00004c20 005e003c          .long   [94,60]
     943 00004c40 00000000!         .LONG   C_CHANGE_PAL
     944 00004c60 00000000!         .LONG   BLUFRMP
     945                    
     946 00004c80           PLAYER_2_STAT_INIT
     947 00004c80       0f          .byte   15, 0, 0, 9     ;OBJCNT, PRCCNT, IMGPALCNT, PALCNT
     948 00004ca0 00000000!         .long   GNUMS           ;IMGPAL
     949 00004cc0 00000000!         .long   CHELIOS1P       ;IMGPAL
     950 00004ce0 00000000!         .long   LSTNME1P        ;IMGPAL
     951 00004d00 00000000!         .long   FRAMEA04P       ;IMGPAL
     952 00004d20 00000000!         .long   PLAYERP         ;IMGPAL
     953 00004d40 00000000!         .long   FLASHA01P       ;IMGPAL
     954 00004d60 00000000!         .long   BLUBARA2P       ;IMGPAL
     955 00004d80 00000000!         .long   GFONT10CP       ;IMGPAL
     956 00004da0 00000000!         .long   BLUFRMP         ;IMGPAL
     957 00004dc0     07ff          .word   OID_JUNK, OM_POS|OM_INSERT      ;OID, GLOBAL_OPTIONS
     958 00004de0 00100000          .long   [P2_STAT_X,0],[P4_STAT_Y,0],0
     959                    *        .long IMG
     960                    *        .word OCTRL, OFLAGS, OZOFF
     961                    *        .word OPTIONS
     962                    
     963 00004e40                   LWWWW   G02, DMAWNZ, M_SCRNOBJ|M_NOSCALE, -1, OM_OPARTS|OM_CFUNC
     964 00004ea0 00050004          .long   [5,4]
     965 00004ec0 00001770'         .LONG   C_CHECK_STAT_2P
     966 00004ee0                   LWWWW   M_CHELIOS, DMAWNZ, M_SCRNOBJ|M_NOSCALE, 1, OM_OPARTS
     967 00004f40 004e0035          .long   [78,53]
     968 00004f60                   LWWWW   CHELIOS1, DMAWNZ, M_SCRNOBJ|M_NOSCALE, -1, OM_OPARTS
     969 00004fc0 00080035          .long   [8,53]
     970 00004fe0                   LWWWW   STATCARD1, DMAWNZ, M_SCRNOBJ|M_NOSCALE, 0, 0
     971 00005040                   LWWWW   PPLAYER, DMAWNZ, M_SCRNOBJ|M_NOSCALE, -1, OM_OPARTS|OM_CFUNC
     972 000050a0 00190004          .long   [25,4]
     973 000050c0 00001770'         .LONG   C_CHECK_STAT_2P
     974 000050e0                   LWWWW   COMPA00, DMAWNZ, M_SCRNOBJ|M_NOSCALE, 2, OM_OID
     975 00005140     0920          .WORD   OID_PLAYER_2
     976 00005150                   LWWWW   BLUBAR1, DMAWNZ, M_SCRNOBJ|M_NOSCALE, -1, 0
     977 000051b0                   LWWWW   SHOTS, DMAWNZ, M_SCRNOBJ|M_NOSCALE, -4, OM_OID
     978 00005210     4ca2          .WORD   OID_STAT_1|2
     979 00005220                   LWWWW   CHECKS, DMAWNZ, M_SCRNOBJ|M_NOSCALE, -4, OM_OID
     980 00005280     54a2          .WORD   OID_STAT_2|2    
     981 00005290                   LWWWW   STEALS, DMAWNZ, M_SCRNOBJ|M_NOSCALE, -4, OM_OID
TMS340 COFF Macro Assembler Version 6.10     Wed Apr 21 11:38:20 2021
 Copyright (c) 1985-1991  Texas Instruments Incorporated 

                                                                     PAGE   23

     982 000052f0     5ca2          .WORD   OID_STAT_3|2    
     983 00005300                   LWWWW   PASSES, DMAWNZ, M_SCRNOBJ|M_NOSCALE, -4, OM_OID
     984 00005360     64a2          .WORD   OID_STAT_4|2    
     985 00005370                   LWWWW   GOALS, DMAWNZ, M_SCRNOBJ|M_NOSCALE, -4, OM_OID
     986 000053d0     6ca2          .WORD   OID_STAT_5|2    
     987 000053e0                   LWWWW   ASSISTS, DMAWNZ, M_SCRNOBJ|M_NOSCALE, -4, OM_OID
     988 00005440     74a2          .WORD   OID_STAT_6|2
     989 00005450                   LWWWW   POINTS, DMAWNZ, M_SCRNOBJ|M_NOSCALE, -4, OM_OID
     990 000054b0     7ca2          .WORD   OID_STAT_7|2
     991 000054c0                   LWWWW   STATSLH1, DMAWNZ, M_SCRNOBJ|M_NOSCALE, 3, OM_OPARTS|OM_CFUNC
     992 00005520 005e0052          .long   [94,82]
     993 00005540 00000000!         .LONG   C_CHANGE_PAL
     994 00005560 00000000!         .LONG   BLUFRMP
     995                    
     996 00005580           PLAYER_3_STAT_INIT
     997 00005580       0f          .byte   15, 0, 0, 9     ;OBJCNT, PRCCNT, IMGPALCNT, PALCNT
     998 000055a0 00000000!         .long   GNUMS           ;IMGPAL
     999 000055c0 00000000!         .long   CHELIOS1P       ;IMGPAL
    1000 000055e0 00000000!         .long   LSTNME1P        ;IMGPAL
    1001 00005600 00000000!         .long   FRAMEA04P       ;IMGPAL
    1002 00005620 00000000!         .long   PLAYERP         ;IMGPAL
    1003 00005640 00000000!         .long   FLASHA01P       ;IMGPAL
    1004 00005660 00000000!         .long   REDBAR2P        ;IMGPAL
    1005 00005680 00000000!         .long   GFONT10CP       ;IMGPAL
    1006 000056a0 00000000!         .long   REDFRMP         ;IMGPAL
    1007 000056c0     07ff          .word   OID_JUNK, OM_POS|OM_INSERT      ;OID, GLOBAL_OPTIONS
    1008 000056e0 00ce0000          .long   [P3_STAT_X,0],[P1_STAT_Y,0],0
    1009                    *        .long IMG
    1010                    *        .word OCTRL, OFLAGS, OZOFF
    1011                    *        .word OPTIONS
    1012                    
    1013 00005740                   LWWWW   G03, DMAWNZ, M_SCRNOBJ|M_NOSCALE, -1, OM_OPARTS
    1014 000057a0 00050004          .long   [5,4]
    1015 000057c0                   LWWWW   M_CHELIOS, DMAWNZ, M_SCRNOBJ|M_NOSCALE, 1, OM_OPARTS
    1016 00005820 004e0035          .long   [78,53]
    1017 00005840                   LWWWW   CHELIOS1, DMAWNZ, M_SCRNOBJ|M_NOSCALE, -1, OM_OPARTS
    1018 000058a0 00080035          .long   [8,53]
    1019 000058c0                   LWWWW   STATCARD1, DMAWNZ, M_SCRNOBJ|M_NOSCALE, 0, 0
    1020 00005920                   LWWWW   PPLAYER, DMAWNZ, M_SCRNOBJ|M_NOSCALE, -1, OM_OPARTS
    1021 00005980 00190004          .long   [25,4]
    1022 000059a0                   LWWWW   COMPA00, DMAWNZ, M_SCRNOBJ|M_NOSCALE, 2, OM_OID
    1023 00005a00     0930          .WORD   OID_PLAYER_3
    1024 00005a10                   LWWWW   REDBAR1, DMAWNZ, M_SCRNOBJ|M_NOSCALE, -1, 0
    1025 00005a70                   LWWWW   SHOTS, DMAWNZ, M_SCRNOBJ|M_NOSCALE, -4, OM_OID
    1026 00005ad0     4ca3          .WORD   OID_STAT_1|3
    1027 00005ae0                   LWWWW   CHECKS, DMAWNZ, M_SCRNOBJ|M_NOSCALE, -4, OM_OID
    1028 00005b40     54a3          .WORD   OID_STAT_2|3    
    1029 00005b50                   LWWWW   STEALS, DMAWNZ, M_SCRNOBJ|M_NOSCALE, -4, OM_OID
    1030 00005bb0     5ca3          .WORD   OID_STAT_3|3    
    1031 00005bc0                   LWWWW   PASSES, DMAWNZ, M_SCRNOBJ|M_NOSCALE, -4, OM_OID
    1032 00005c20     64a3          .WORD   OID_STAT_4|3    
    1033 00005c30                   LWWWW   GOALS, DMAWNZ, M_SCRNOBJ|M_NOSCALE, -4, OM_OID
    1034 00005c90     6ca3          .WORD   OID_STAT_5|3    
    1035 00005ca0                   LWWWW   ASSISTS, DMAWNZ, M_SCRNOBJ|M_NOSCALE, -4, OM_OID
    1036 00005d00     74a3          .WORD   OID_STAT_6|3    
TMS340 COFF Macro Assembler Version 6.10     Wed Apr 21 11:38:20 2021
 Copyright (c) 1985-1991  Texas Instruments Incorporated 

                                                                     PAGE   24

    1037 00005d10                   LWWWW   POINTS, DMAWNZ, M_SCRNOBJ|M_NOSCALE, -4, OM_OID
    1038 00005d70     7ca3          .WORD   OID_STAT_7|3    
    1039 00005d80                   LWWWW   STATSLH1, DMAWNZ, M_SCRNOBJ|M_NOSCALE, 3, OM_OPARTS|OM_CFUNC
    1040 00005de0 005e003c          .long   [94,60]
    1041 00005e00 00000000!         .LONG   C_CHANGE_PAL
    1042 00005e20 00000000!         .LONG   REDFRMP
    1043                    
    1044 00005e40           PLAYER_3_2P_STAT_INIT
    1045 00005e40       0f          .byte   15, 0, 0, 9     ;OBJCNT, PRCCNT, IMGPALCNT, PALCNT
    1046 00005e60 00000000!         .long   GNUMS           ;IMGPAL
    1047 00005e80 00000000!         .long   CHELIOS1P       ;IMGPAL
    1048 00005ea0 00000000!         .long   LSTNME1P        ;IMGPAL
    1049 00005ec0 00000000!         .long   FRAMEA04P       ;IMGPAL
    1050 00005ee0 00000000!         .long   PLAYERP         ;IMGPAL
    1051 00005f00 00000000!         .long   FLASHA01P       ;IMGPAL
    1052 00005f20 00000000!         .long   REDBAR2P        ;IMGPAL
    1053 00005f40 00000000!         .long   GFONT10CP       ;IMGPAL
    1054 00005f60 00000000!         .long   REDFRMP         ;IMGPAL
    1055 00005f80     07ff          .word   OID_JUNK, OM_POS|OM_INSERT      ;OID, GLOBAL_OPTIONS
    1056 00005fa0 00d80000          .long   [P4_STAT_X,0],[P4_STAT_Y,0],0
    1057                    *        .long IMG
    1058                    *        .word OCTRL, OFLAGS, OZOFF
    1059                    *        .word OPTIONS
    1060                    
    1061 00006000                   LWWWW   G03, DMAGO, M_SCRNOBJ|M_NOSCALE, -1, OM_OPARTS
    1062 00006060 00050004          .long   [5,4]
    1063 00006080                   LWWWW   M_CHELIOS, DMAWNZ, M_SCRNOBJ|M_NOSCALE, 1, OM_OPARTS
    1064 000060e0 004e0035          .long   [78,53]
    1065 00006100                   LWWWW   CHELIOS1, DMAWNZ, M_SCRNOBJ|M_NOSCALE, -1, OM_OPARTS
    1066 00006160 00080035          .long   [8,53]
    1067 00006180                   LWWWW   STATCARD1, DMAWNZ, M_SCRNOBJ|M_NOSCALE, 0, 0
    1068 000061e0                   LWWWW   PPLAYER, DMAGO, M_SCRNOBJ|M_NOSCALE, -1, OM_OPARTS
    1069 00006240 00190004          .long   [25,4]
    1070 00006260                   LWWWW   COMPA00, DMAWNZ, M_SCRNOBJ|M_NOSCALE, 2, OM_OID
    1071 000062c0     0930          .WORD   OID_PLAYER_3
    1072 000062d0                   LWWWW   REDBAR1, DMAWNZ, M_SCRNOBJ|M_NOSCALE, -1, 0
    1073 00006330                   LWWWW   SHOTS, DMAWNZ, M_SCRNOBJ|M_NOSCALE, -4, OM_OID
    1074 00006390     4ca3          .WORD   OID_STAT_1|3
    1075 000063a0                   LWWWW   CHECKS, DMAWNZ, M_SCRNOBJ|M_NOSCALE, -4, OM_OID
    1076 00006400     54a3          .WORD   OID_STAT_2|3    
    1077 00006410                   LWWWW   STEALS, DMAWNZ, M_SCRNOBJ|M_NOSCALE, -4, OM_OID
    1078 00006470     5ca3          .WORD   OID_STAT_3|3    
    1079 00006480                   LWWWW   PASSES, DMAWNZ, M_SCRNOBJ|M_NOSCALE, -4, OM_OID
    1080 000064e0     64a3          .WORD   OID_STAT_4|3    
    1081 000064f0                   LWWWW   GOALS, DMAWNZ, M_SCRNOBJ|M_NOSCALE, -4, OM_OID
    1082 00006550     6ca3          .WORD   OID_STAT_5|3    
    1083 00006560                   LWWWW   ASSISTS, DMAWNZ, M_SCRNOBJ|M_NOSCALE, -4, OM_OID
    1084 000065c0     74a3          .WORD   OID_STAT_6|3    
    1085 000065d0                   LWWWW   POINTS, DMAWNZ, M_SCRNOBJ|M_NOSCALE, -4, OM_OID
    1086 00006630     7ca3          .WORD   OID_STAT_7|3    
    1087 00006640                   LWWWW   STATSLH1, DMAWNZ, M_SCRNOBJ|M_NOSCALE, 3, OM_OPARTS|OM_CFUNC
    1088 000066a0 005e0052          .long   [94,82]
    1089 000066c0 00000000!         .LONG   C_CHANGE_PAL
    1090 000066e0 00000000!         .LONG   REDFRMP
    1091                    
TMS340 COFF Macro Assembler Version 6.10     Wed Apr 21 11:38:20 2021
 Copyright (c) 1985-1991  Texas Instruments Incorporated 

                                                                     PAGE   25

    1092                    
    1093 00006700           PLAYER_4_STAT_INIT
    1094 00006700       0f          .byte   15, 0, 0, 9     ;OBJCNT, PRCCNT, IMGPALCNT, PALCNT
    1095 00006720 00000000!         .long   GNUMS           ;IMGPAL
    1096 00006740 00000000!         .long   CHELIOS1P       ;IMGPAL
    1097 00006760 00000000!         .long   LSTNME1P        ;IMGPAL
    1098 00006780 00000000!         .long   FRAMEA04P       ;IMGPAL
    1099 000067a0 00000000!         .long   PLAYERP         ;IMGPAL
    1100 000067c0 00000000!         .long   FLASHA01P       ;IMGPAL
    1101 000067e0 00000000!         .long   REDBAR2P        ;IMGPAL
    1102 00006800 00000000!         .long   GFONT10CP       ;IMGPAL
    1103 00006820 00000000!         .long   REDFRMP         ;IMGPAL
    1104 00006840     07ff          .word   OID_JUNK, OM_POS|OM_INSERT      ;OID, GLOBAL_OPTIONS
    1105 00006860 00d80000          .long   [P4_STAT_X,0],[P4_STAT_Y,0],0
    1106                    *        .long IMG
    1107                    *        .word OCTRL, OFLAGS, OZOFF
    1108                    *        .word OPTIONS
    1109                    
    1110 000068c0                   LWWWW   G04, DMAWNZ, M_SCRNOBJ|M_NOSCALE, -1, OM_OPARTS
    1111 00006920 00050004          .long   [5,4]
    1112 00006940                   LWWWW   M_CHELIOS, DMAWNZ, M_SCRNOBJ|M_NOSCALE, 1, OM_OPARTS
    1113 000069a0 004e0035          .long   [78,53]
    1114 000069c0                   LWWWW   CHELIOS1, DMAWNZ, M_SCRNOBJ|M_NOSCALE, -1, OM_OPARTS
    1115 00006a20 00080035          .long   [8,53]
    1116 00006a40                   LWWWW   STATCARD1, DMAWNZ, M_SCRNOBJ|M_NOSCALE, 0, 0
    1117 00006aa0                   LWWWW   PPLAYER, DMAWNZ, M_SCRNOBJ|M_NOSCALE, -1, OM_OPARTS
    1118 00006b00 00190004          .long   [25,4]
    1119 00006b20                   LWWWW   COMPA00, DMAWNZ, M_SCRNOBJ|M_NOSCALE, 2, OM_OID
    1120 00006b80     0940          .WORD   OID_PLAYER_4
    1121 00006b90                   LWWWW   REDBAR1, DMAWNZ, M_SCRNOBJ|M_NOSCALE, -1, 0
    1122 00006bf0                   LWWWW   SHOTS, DMAWNZ, M_SCRNOBJ|M_NOSCALE, -4, OM_OID
    1123 00006c50     4ca4          .WORD   OID_STAT_1|4
    1124 00006c60                   LWWWW   CHECKS, DMAWNZ, M_SCRNOBJ|M_NOSCALE, -4, OM_OID
    1125 00006cc0     54a4          .WORD   OID_STAT_2|4    
    1126 00006cd0                   LWWWW   STEALS, DMAWNZ, M_SCRNOBJ|M_NOSCALE, -4, OM_OID
    1127 00006d30     5ca4          .WORD   OID_STAT_3|4    
    1128 00006d40                   LWWWW   PASSES, DMAWNZ, M_SCRNOBJ|M_NOSCALE, -4, OM_OID
    1129 00006da0     64a4          .WORD   OID_STAT_4|4    
    1130 00006db0                   LWWWW   GOALS, DMAWNZ, M_SCRNOBJ|M_NOSCALE, -4, OM_OID
    1131 00006e10     6ca4          .WORD   OID_STAT_5|4    
    1132 00006e20                   LWWWW   ASSISTS, DMAWNZ, M_SCRNOBJ|M_NOSCALE, -4, OM_OID
    1133 00006e80     74a4          .WORD   OID_STAT_6|4    
    1134 00006e90                   LWWWW   POINTS, DMAWNZ, M_SCRNOBJ|M_NOSCALE, -4, OM_OID
    1135 00006ef0     7ca4          .WORD   OID_STAT_7|4    
    1136 00006f00                   LWWWW   STATSLH1, DMAWNZ, M_SCRNOBJ|M_NOSCALE, 3, OM_OPARTS|OM_CFUNC
    1137 00006f60 005e0052          .long   [94,82]
    1138 00006f80 00000000!         .LONG   C_CHANGE_PAL
    1139 00006fa0 00000000!         .LONG   REDFRMP
    1140                    
    1141 00006fc0           PLAYER_4_2P_STAT_INIT
    1142 00006fc0       0f          .byte   15, 0, 0, 9     ;OBJCNT, PRCCNT, IMGPALCNT, PALCNT
    1143 00006fe0 00000000!         .long   GNUMS           ;IMGPAL
    1144 00007000 00000000!         .long   CHELIOS1P       ;IMGPAL
    1145 00007020 00000000!         .long   LSTNME1P        ;IMGPAL
    1146 00007040 00000000!         .long   FRAMEA04P       ;IMGPAL
TMS340 COFF Macro Assembler Version 6.10     Wed Apr 21 11:38:20 2021
 Copyright (c) 1985-1991  Texas Instruments Incorporated 

                                                                     PAGE   26

    1147 00007060 00000000!         .long   PLAYERP         ;IMGPAL
    1148 00007080 00000000!         .long   FLASHA01P       ;IMGPAL
    1149 000070a0 00000000!         .long   REDBAR2P        ;IMGPAL
    1150 000070c0 00000000!         .long   GFONT10CP       ;IMGPAL
    1151 000070e0 00000000!         .long   REDFRMP         ;IMGPAL
    1152 00007100     07ff          .word   OID_JUNK, OM_POS|OM_INSERT      ;OID, GLOBAL_OPTIONS
    1153 00007120 00ce0000          .long   [P3_STAT_X,0],[P1_STAT_Y,0],0
    1154                    *        .long IMG
    1155                    *        .word OCTRL, OFLAGS, OZOFF
    1156                    *        .word OPTIONS
    1157                    
    1158 00007180                   LWWWW   G02, DMAWNZ, M_SCRNOBJ|M_NOSCALE, -1, OM_OPARTS
    1159 000071e0 00050004          .long   [5,4]
    1160 00007200                   LWWWW   M_CHELIOS, DMAWNZ, M_SCRNOBJ|M_NOSCALE, 1, OM_OPARTS
    1161 00007260 004e0035          .long   [78,53]
    1162 00007280                   LWWWW   CHELIOS1, DMAWNZ, M_SCRNOBJ|M_NOSCALE, -1, OM_OPARTS
    1163 000072e0 00080035          .long   [8,53]
    1164 00007300                   LWWWW   STATCARD1, DMAWNZ, M_SCRNOBJ|M_NOSCALE, 0, 0
    1165 00007360                   LWWWW   PPLAYER, DMAWNZ, M_SCRNOBJ|M_NOSCALE, -1, OM_OPARTS
    1166 000073c0 00190004          .long   [25,4]
    1167 000073e0                   LWWWW   COMPA00, DMAWNZ, M_SCRNOBJ|M_NOSCALE, 2, OM_OID
    1168 00007440     0940          .WORD   OID_PLAYER_4
    1169 00007450                   LWWWW   REDBAR1, DMAWNZ, M_SCRNOBJ|M_NOSCALE, -1, 0
    1170 000074b0                   LWWWW   SHOTS, DMAWNZ, M_SCRNOBJ|M_NOSCALE, -4, OM_OID
    1171 00007510     4ca4          .WORD   OID_STAT_1|4
    1172 00007520                   LWWWW   CHECKS, DMAWNZ, M_SCRNOBJ|M_NOSCALE, -4, OM_OID
    1173 00007580     54a4          .WORD   OID_STAT_2|4    
    1174 00007590                   LWWWW   STEALS, DMAWNZ, M_SCRNOBJ|M_NOSCALE, -4, OM_OID
    1175 000075f0     5ca4          .WORD   OID_STAT_3|4    
    1176 00007600                   LWWWW   PASSES, DMAWNZ, M_SCRNOBJ|M_NOSCALE, -4, OM_OID
    1177 00007660     64a4          .WORD   OID_STAT_4|4    
    1178 00007670                   LWWWW   GOALS, DMAWNZ, M_SCRNOBJ|M_NOSCALE, -4, OM_OID
    1179 000076d0     6ca4          .WORD   OID_STAT_5|4    
    1180 000076e0                   LWWWW   ASSISTS, DMAWNZ, M_SCRNOBJ|M_NOSCALE, -4, OM_OID
    1181 00007740     74a4          .WORD   OID_STAT_6|4    
    1182 00007750                   LWWWW   POINTS, DMAWNZ, M_SCRNOBJ|M_NOSCALE, -4, OM_OID
    1183 000077b0     7ca4          .WORD   OID_STAT_7|4    
    1184 000077c0                   LWWWW   STATSLH1, DMAWNZ, M_SCRNOBJ|M_NOSCALE, 3, OM_OPARTS|OM_CFUNC
    1185 00007820 005e003c          .long   [94,60]
    1186 00007840 00000000!         .LONG   C_CHANGE_PAL
    1187 00007860 00000000!         .LONG   REDFRMP
    1188                    
    1189                    **************************************************************************
    1190                    *                                                                        *
    1191                    * A_RAND_CROWD_FLASH                                                     *
    1192                    *                                                                        *
    1193                    **************************************************************************
    1194                    
    1195 00007880           A_RAND_CROWD_FLASH
    1196 00007880     0d5f          CALLA   GETAFARG_LONG
         00007890 00000000! 
    1197 000078b0     4c01          MOVE    A0,A1
    1198 000078c0     9420          MOVE    *A1+,A0,W
    1199 000078d0     0d5f          CALLA   RAND0
         000078e0 00000000! 
TMS340 COFF Macro Assembler Version 6.10     Wed Apr 21 11:38:20 2021
 Copyright (c) 1985-1991  Texas Instruments Incorporated 

                                                                     PAGE   27

    1200 00007900     24a0          SLL     5,A0
    1201 00007910     4020          ADD     A1,A0
    1202 00007920     8600          MOVE    *A0,A0,L
    1203 00007930     b208          MOVE    A0,*A8(ANIMFRM),L
         00007940     0320  
    1204 00007950     0960          RETS
    1205                    
    1206                    
    1207 00007960           CROWD_FLASH_ALL_TABLE
    1208 00007960     0007          .WORD   7
    1209 00007970 00007be0'         .LONG   CF_A_ANIM,CF_B_ANIM,CF_C_ANIM
    1210 000079d0 00007e50'         .LONG   CF_D_ANIM,CF_E_ANIM
    1211 00007a10 00007ff0'         .LONG   CF_F_ANIM,CF_NONE_ANIM
    1212                    
    1213 00007a50           CROWD_FLASH_1_TABLE
    1214 00007a50     0004          .WORD   4
    1215 00007a60 00007be0'         .LONG   CF_A_ANIM,CF_B_ANIM,CF_C_ANIM
    1216 00007ac0 00007b70'         .LONG   CF_NONE_ANIM
    1217                    
    1218 00007ae0           CROWD_FLASH_2_TABLE
    1219 00007ae0     0004          .WORD   4
    1220 00007af0 00007e50'         .LONG   CF_D_ANIM,CF_E_ANIM,CF_F_ANIM
    1221 00007b50 00007b70'         .LONG   CF_NONE_ANIM
    1222                    
    1223 00007b70           CROWD_FLASH_ANIM
    1224 00007b70           CF_NONE_ANIM
    1225 00007b70                   LWLL    COMPA00,6|AFUNC,A_RAND_CROWD_FLASH+2,CROWD_FLASH_ALL_TABLE
    1226                    
    1227 00007be0           CF_A_ANIM
    1228 00007be0                   LW      COMPA01,2
    1229 00007c10                   LW      COMPA02,2
    1230 00007c40                   LWLL    COMPA03,2|AFUNC,A_RAND_CROWD_FLASH+2,CROWD_FLASH_2_TABLE
    1231                    
    1232 00007cb0           CF_B_ANIM
    1233 00007cb0                   LW      COMPB01,2
    1234 00007ce0                   LW      COMPB02,2
    1235 00007d10                   LWLL    COMPB03,2|AFUNC,A_RAND_CROWD_FLASH+2,CROWD_FLASH_2_TABLE
    1236                    
    1237 00007d80           CF_C_ANIM
    1238 00007d80                   LW      COMPC01,2
    1239 00007db0                   LW      COMPC02,2
    1240 00007de0                   LWLL    COMPC03,2|AFUNC,A_RAND_CROWD_FLASH+2,CROWD_FLASH_2_TABLE
    1241                    
    1242 00007e50           CF_D_ANIM
    1243 00007e50                   LW      COMPD01,2
    1244 00007e80                   LW      COMPD02,2
    1245 00007eb0                   LWLL    COMPD03,2|AFUNC,A_RAND_CROWD_FLASH+2,CROWD_FLASH_1_TABLE
    1246                    
    1247 00007f20           CF_E_ANIM
    1248 00007f20                   LW      COMPE01,2
    1249 00007f50                   LW      COMPE02,2
    1250 00007f80                   LWLL    COMPE03,2|AFUNC,A_RAND_CROWD_FLASH+2,CROWD_FLASH_1_TABLE
    1251                    
    1252 00007ff0           CF_F_ANIM
    1253 00007ff0                   LW      COMPF01,2
TMS340 COFF Macro Assembler Version 6.10     Wed Apr 21 11:38:20 2021
 Copyright (c) 1985-1991  Texas Instruments Incorporated 

                                                                     PAGE   28

    1254 00008020                   LW      COMPF02,2
    1255 00008050                   LWLL    COMPF03,2|AFUNC,A_RAND_CROWD_FLASH+2,CROWD_FLASH_1_TABLE
    1256                    
    1257                    
    1258                            .end

 No Errors,  No Warnings
