TMS340 COFF Macro Assembler Version 6.10     Wed Apr 21 11:41:42 2021
 Copyright (c) 1985-1991  Texas Instruments Incorporated 

SYSFONT.ASM                                                          PAGE    1

       2                            .WIDTH  132
       3                            .OPTION B,D,L,T
       4                            .MNOLIST
       5                            .include        "hhsysfnt.e"
       6                    
       7                    ; end of include files
       8                    
       9                    **************************************************************************
      10                    *                                                                        *
      11                    * SYSFONT: SYSTEM FONT; MODULE DEFINES THE FONT USED WITH SYSTEM         *
      12                    *           DIAGNOSTICS.                                                 *
      13                    *                                                                        *
      14                    **************************************************************************
      15                    
      16 00000000                   .EVEN
      17                    
      18              0000  XUNIT   equ     0
      19                    
      20                            .if XUNIT=1
      21                            .sect   "COLDSTRT"
      22                            .endif
      23                    
      24                    ; ===========================
      25                    ; | CHARACTER DIRECTORIES   |
      26                    ; ===========================
      27                    
      28 00000000           SYSFONT:
      29 00000000 00000800'         .long   T2_SP           ;SPACE
      30 00000020 00000800'         .long   T2_SP           ;no "!"
      31 00000040 00000800'         .long   T2_SP           ;no """
      32 00000060 00000800'         .long   T2_SP           ;no "#"
      33 00000080 00000800'         .long   T2_SP           ;no "$"
      34 000000a0 00000800'         .long   T2_SP           ;no "%"
      35 000000c0 00000800'         .long   T2_SP           ;no "&"
      36 000000e0 00000800'         .long   T2_SP           ;no "'"
      37 00000100 00000800'         .long   T2_SP           ;no "("
      38 00000120 00000800'         .long   T2_SP           ;no ")"
      39 00000140 00000800'         .long   T2_SP           ;no "*"
      40 00000160 00000800'         .long   T2_SP           ;no "+"
      41 00000180 00000800'         .long   T2_SP           ;no ","
      42 000001a0 00000840'         .long   T2_MN           ;"-"
      43 000001c0 00000880'         .long   T2_PER          ;"."
      44 000001e0 000008c0'         .long   T2_SLASH        ;"/"
      45 00000200 00000900'         .long   T2_00           ;0
      46 00000220 00000940'         .long   T2_11           ;1
      47 00000240 00000980'         .long   T2_22           ;2
      48 00000260 000009c0'         .long   T2_33           ;3
      49 00000280 00000a00'         .long   T2_44           ;4
      50 000002a0 00000a40'         .long   T2_55           ;5
      51 000002c0 00000a80'         .long   T2_66           ;6
      52 000002e0 00000ac0'         .long   T2_77           ;7
      53 00000300 00000b00'         .long   T2_88           ;8
      54 00000320 00000b40'         .long   T2_99           ;9
      55 00000340 00000900'         .long   T2_00           ; no :
      56 00000360 00000900'         .long   T2_00           ; no ;
TMS340 COFF Macro Assembler Version 6.10     Wed Apr 21 11:41:42 2021
 Copyright (c) 1985-1991  Texas Instruments Incorporated 

SYSFONT.ASM                                                          PAGE    2

      57 00000380 00000900'         .long   T2_00           ; no <
      58 000003a0 00000900'         .long   T2_00           ; no =
      59 000003c0 00000900'         .long   T2_00           ; no >
      60 000003e0 00000900'         .long   T2_00           ; no ?
      61 00000400 00000900'         .long   T2_00           ; no @
      62 00000420 00000b80'         .long   T2_AA           ;A
      63 00000440 00000bc0'         .long   T2_BB           ;B
      64 00000460 00000c00'         .long   T2_CC           ;C
      65 00000480 00000c40'         .long   T2_DD           ;D
      66 000004a0 00000c80'         .long   T2_EE           ;E
      67 000004c0 00000cc0'         .long   T2_FF           ;F
      68 000004e0 00000d00'         .long   T2_GG           ;G
      69 00000500 00000d40'         .long   T2_HH           ;H
      70 00000520 00000d80'         .long   T2_II           ;I
      71 00000540 00000dc0'         .long   T2_JJ           ;J
      72 00000560 00000e00'         .long   T2_KK           ;K
      73 00000580 00000e40'         .long   T2_LL           ;L
      74 000005a0 00000e80'         .long   T2_MM           ;M
      75 000005c0 00000ec0'         .long   T2_NN           ;N
      76 000005e0 00000f00'         .long   T2_OO           ;O
      77 00000600 00000f40'         .long   T2_PP           ;P
      78 00000620 00000f80'         .long   T2_QQ           ;Q
      79 00000640 00000fc0'         .long   T2_RR           ;R
      80 00000660 00001000'         .long   T2_SS           ;S
      81 00000680 00001040'         .long   T2_TT           ;T
      82 000006a0 00001080'         .long   T2_UU           ;U
      83 000006c0 000010c0'         .long   T2_VV           ;V
      84 000006e0 00001100'         .long   T2_WW           ;W
      85 00000700 00001140'         .long   T2_XX           ;X
      86 00000720 00001180'         .long   T2_YY           ;Y
      87 00000740 000011c0'         .long   T2_ZZ           ;Z
      88 00000760 00000800'         .long   T2_SP           ;no "["
      89 00000780 00000800'         .long   T2_SP           ;no "\"
      90 000007a0 00000800'         .long   T2_SP           ;no "]"
      91 000007c0 00000900'         .long   T2_00           ;no ^
      92 000007e0 00000900'         .long   T2_00           ;no _
      93                    
      94                    ; ===========================
      95                    ; | DYDX CHAR DIMENSIONS    |
      96                    ; | POINTER TO XY CHAR DATA |
      97                    ; ===========================
      98                    
      99 00000800           T2_SP:
     100 00000800     0004          .word    04h,08h
     101 00000820 00001200'         .long    I2_SP
     102                    
     103 00000840           T2_MN:
     104 00000840     0008          .word   08h,08h
     105 00000860 00001240'         .long   I2_MN
     106                    
     107 00000880           T2_PER:
     108 00000880     0002          .WORD   2,8
     109 000008a0 00001280'         .LONG   I2_PER
     110                    
     111 000008c0           T2_SLASH:
TMS340 COFF Macro Assembler Version 6.10     Wed Apr 21 11:41:42 2021
 Copyright (c) 1985-1991  Texas Instruments Incorporated 

SYSFONT.ASM                                                          PAGE    3

     112 000008c0     0006          .WORD   6,8
     113 000008e0 000012c0'         .LONG   I2_SLASH
     114                    
     115 00000900           T2_00:
     116 00000900     0006     .word    06h,08h
     117 00000920 00001300'    .long    I2_00
     118                    
     119 00000940           T2_11:
     120 00000940     0006     .word    06h,08h
     121 00000960 00001340'    .long    I2_11
     122                    
     123 00000980           T2_22:
     124 00000980     0006     .word    06h,08h
     125 000009a0 00001380'    .long    I2_22
     126                    
     127 000009c0           T2_33:
     128 000009c0     0006     .word    06h,08h
     129 000009e0 000013c0'    .long    I2_33
     130                    
     131 00000a00           T2_44:
     132 00000a00     0006     .word    06h,08h
     133 00000a20 00001400'    .long    I2_44
     134                    
     135 00000a40           T2_55:
     136 00000a40     0006     .word    06h,08h
     137 00000a60 00001440'    .long    I2_55
     138                    
     139 00000a80           T2_66:
     140 00000a80     0006     .word    06h,08h
     141 00000aa0 00001480'    .long    I2_66
     142                    
     143 00000ac0           T2_77:
     144 00000ac0     0006     .word    06h,08h
     145 00000ae0 000014c0'    .long    I2_77
     146                    
     147 00000b00           T2_88:
     148 00000b00     0006     .word    06h,08h
     149 00000b20 00001500'    .long    I2_88
     150                    
     151 00000b40           T2_99:
     152 00000b40     0006     .word    06h,08h
     153 00000b60 00001540'    .long    I2_99
     154                    
     155 00000b80           T2_AA:
     156 00000b80     0006     .word    06h,08h
     157 00000ba0 00001580'    .long    I2_AA
     158                    
     159 00000bc0           T2_BB:
     160 00000bc0     0006     .word    06h,08h
     161 00000be0 000015c0'    .long    I2_BB
     162                    
     163 00000c00           T2_CC:
     164 00000c00     0006     .word    06h,08h
     165 00000c20 00001600'    .long    I2_CC
     166                    
TMS340 COFF Macro Assembler Version 6.10     Wed Apr 21 11:41:42 2021
 Copyright (c) 1985-1991  Texas Instruments Incorporated 

SYSFONT.ASM                                                          PAGE    4

     167 00000c40           T2_DD:
     168 00000c40     0006     .word    06h,08h
     169 00000c60 00001640'    .long    I2_DD
     170                    
     171 00000c80           T2_EE:
     172 00000c80     0006     .word    06h,08h
     173 00000ca0 00001680'    .long    I2_EE
     174                    
     175 00000cc0           T2_FF:
     176 00000cc0     0006     .word    06h,08h
     177 00000ce0 000016c0'    .long    I2_FF
     178                    
     179 00000d00           T2_GG:
     180 00000d00     0006     .word    06h,08h
     181 00000d20 00001700'    .long    I2_GG
     182                    
     183 00000d40           T2_HH:
     184 00000d40     0006     .word    06h,08h
     185 00000d60 00001740'    .long    I2_HH
     186                    
     187 00000d80           T2_II:
     188 00000d80     0002     .word    02h,08h
     189 00000da0 00001780'    .long    I2_II
     190                    
     191 00000dc0           T2_JJ:
     192 00000dc0     0006     .word    06h,08h
     193 00000de0 000017c0'    .long    I2_JJ
     194                    
     195 00000e00           T2_KK:
     196 00000e00     0006     .word    06h,08h
     197 00000e20 00001800'    .long    I2_KK
     198                    
     199 00000e40           T2_LL:
     200 00000e40     0005     .word    05h,08h
     201 00000e60 00001840'    .long    I2_LL
     202                    
     203 00000e80           T2_MM:
     204 00000e80     000a     .word    0Ah,08h
     205 00000ea0 00001880'    .long    I2_MM
     206                    
     207 00000ec0           T2_NN:
     208 00000ec0     0007     .word    07h,08h
     209 00000ee0 00001900'    .long    I2_NN
     210                    
     211 00000f00           T2_OO:
     212 00000f00     0007     .word    07h,08h
     213 00000f20 00001940'    .long    I2_OO
     214                    
     215 00000f40           T2_PP:
     216 00000f40     0006     .word    06h,08h
     217 00000f60 00001980'    .long    I2_PP
     218                    
     219 00000f80           T2_QQ:
     220 00000f80     0007     .word    07h,0Ah
     221 00000fa0 000019c0'    .long    I2_QQ
TMS340 COFF Macro Assembler Version 6.10     Wed Apr 21 11:41:42 2021
 Copyright (c) 1985-1991  Texas Instruments Incorporated 

SYSFONT.ASM                                                          PAGE    5

     222                    
     223 00000fc0           T2_RR:
     224 00000fc0     0006     .word    06h,08h
     225 00000fe0 00001a10'    .long    I2_RR
     226                    
     227 00001000           T2_SS:
     228 00001000     0006     .word    06h,08h
     229 00001020 00001a50'    .long    I2_SS
     230                    
     231 00001040           T2_TT:
     232 00001040     0006     .word    06h,08h
     233 00001060 00001a90'    .long    I2_TT
     234                    
     235 00001080           T2_UU:
     236 00001080     0006     .word    06h,08h
     237 000010a0 00001ad0'    .long    I2_UU
     238                    
     239 000010c0           T2_VV:
     240 000010c0     0007     .word    07h,08h
     241 000010e0 00001b10'    .long    I2_VV
     242                    
     243 00001100           T2_WW:
     244 00001100     000b     .word    0Bh,08h
     245 00001120 00001b50'    .long    I2_WW
     246                    
     247 00001140           T2_XX:
     248 00001140     0007     .word    07h,08h
     249 00001160 00001bd0'    .long    I2_XX
     250                    
     251 00001180           T2_YY:
     252 00001180     0006     .word    06h,08h
     253 000011a0 00001c10'    .long    I2_YY
     254                    
     255 000011c0           T2_ZZ:
     256 000011c0     0006     .word    06h,08h
     257 000011e0 00001c50'    .long    I2_ZZ
     258                    
     259                    
     260                    ; ===========================
     261                    ; | CHARACTER DEFINITIONS   |
     262                    ; ===========================
     263                    
     264 00001200           I2_SP:
     265 00001200       00     .byte    00h
     266 00001208       00     .byte    00h
     267 00001210       00     .byte    00h
     268 00001218       00     .byte    00h
     269 00001220       00     .byte    00h
     270 00001228       00     .byte    00h
     271 00001230       00     .byte    00h
     272 00001238       00     .byte    00h
     273                    
     274 00001240           I2_MN:
     275 00001240       00     .byte    000h
     276 00001248       00     .byte    000h
TMS340 COFF Macro Assembler Version 6.10     Wed Apr 21 11:41:42 2021
 Copyright (c) 1985-1991  Texas Instruments Incorporated 

SYSFONT.ASM                                                          PAGE    6

     277 00001250       00     .byte    000h
     278 00001258       ff     .byte    0FFh
     279 00001260       ff     .byte    0FFh
     280 00001268       00     .byte    000h
     281 00001270       00     .byte    000h
     282 00001278       00     .byte    000h
     283                    
     284 00001280           I2_PER:
     285 00001280       00          .BYTE   0
     286 00001288       00          .BYTE   0
     287 00001290       00          .BYTE   0
     288 00001298       00          .BYTE   0
     289 000012a0       00          .BYTE   0
     290 000012a8       00          .BYTE   0
     291 000012b0       ff          .BYTE   0FFH
     292 000012b8       ff          .BYTE   0FFH
     293                    
     294 000012c0           I2_SLASH:
     295 000012c0       30          .BYTE   30H
     296 000012c8       30          .BYTE   30H
     297 000012d0       18          .BYTE   18H
     298 000012d8       18          .BYTE   18H
     299 000012e0       06          .BYTE   06H
     300 000012e8       06          .BYTE   06H
     301 000012f0       03          .BYTE   03H
     302 000012f8       03          .BYTE   03H
     303                    
     304 00001300           I2_00:
     305 00001300       1e     .byte    01Eh
     306 00001308       3f     .byte    03Fh
     307 00001310       33     .byte    033h
     308 00001318       33     .byte    033h
     309 00001320       33     .byte    033h
     310 00001328       33     .byte    033h
     311 00001330       3f     .byte    03Fh
     312 00001338       1e     .byte    01Eh
     313                    
     314 00001340           I2_11:
     315 00001340       0e     .byte    0Eh
     316 00001348       0f     .byte    0Fh
     317 00001350       0f     .byte    0Fh
     318 00001358       0c     .byte    0Ch
     319 00001360       0c     .byte    0Ch
     320 00001368       0c     .byte    0Ch
     321 00001370       0c     .byte    0Ch
     322 00001378       0c     .byte    0Ch
     323                    
     324 00001380           I2_22:
     325 00001380       1f     .byte    01Fh
     326 00001388       3f     .byte    03Fh
     327 00001390       38     .byte    038h
     328 00001398       1c     .byte    01Ch
     329 000013a0       0e     .byte    0Eh
     330 000013a8       07     .byte    07h
     331 000013b0       3f     .byte    03Fh
TMS340 COFF Macro Assembler Version 6.10     Wed Apr 21 11:41:42 2021
 Copyright (c) 1985-1991  Texas Instruments Incorporated 

SYSFONT.ASM                                                          PAGE    7

     332 000013b8       3f     .byte    03Fh
     333                    
     334 000013c0           I2_33:
     335 000013c0       1f     .byte    01Fh
     336 000013c8       3f     .byte    03Fh
     337 000013d0       30     .byte    030h
     338 000013d8       1e     .byte    01Eh
     339 000013e0       1e     .byte    01Eh
     340 000013e8       30     .byte    030h
     341 000013f0       3f     .byte    03Fh
     342 000013f8       1f     .byte    01Fh
     343                    
     344 00001400           I2_44:
     345 00001400       38     .byte    038h
     346 00001408       3c     .byte    03Ch
     347 00001410       36     .byte    036h
     348 00001418       33     .byte    033h
     349 00001420       3f     .byte    03Fh
     350 00001428       3f     .byte    03Fh
     351 00001430       30     .byte    030h
     352 00001438       30     .byte    030h
     353                    
     354 00001440           I2_55:
     355 00001440       3f     .byte    03Fh
     356 00001448       3f     .byte    03Fh
     357 00001450       03     .byte    03h
     358 00001458       1f     .byte    01Fh
     359 00001460       3f     .byte    03Fh
     360 00001468       30     .byte    030h
     361 00001470       3f     .byte    03Fh
     362 00001478       1f     .byte    01Fh
     363                    
     364 00001480           I2_66:
     365 00001480       3e     .byte    03Eh
     366 00001488       3f     .byte    03Fh
     367 00001490       03     .byte    03h
     368 00001498       1f     .byte    01Fh
     369 000014a0       3f     .byte    03Fh
     370 000014a8       33     .byte    033h
     371 000014b0       3f     .byte    03Fh
     372 000014b8       1e     .byte    01Eh
     373                    
     374 000014c0           I2_77:
     375 000014c0       3f     .byte    03Fh
     376 000014c8       3f     .byte    03Fh
     377 000014d0       30     .byte    030h
     378 000014d8       18     .byte    018h
     379 000014e0       18     .byte    018h
     380 000014e8       0c     .byte    0Ch
     381 000014f0       0c     .byte    0Ch
     382 000014f8       0c     .byte    0Ch
     383                    
     384 00001500           I2_88:
     385 00001500       1e     .byte    01Eh
     386 00001508       3f     .byte    03Fh
TMS340 COFF Macro Assembler Version 6.10     Wed Apr 21 11:41:42 2021
 Copyright (c) 1985-1991  Texas Instruments Incorporated 

SYSFONT.ASM                                                          PAGE    8

     387 00001510       33     .byte    033h
     388 00001518       1e     .byte    01Eh
     389 00001520       1e     .byte    01Eh
     390 00001528       33     .byte    033h
     391 00001530       3f     .byte    03Fh
     392 00001538       1e     .byte    01Eh
     393                    
     394 00001540           I2_99:
     395 00001540       1e     .byte    01Eh
     396 00001548       3f     .byte    03Fh
     397 00001550       33     .byte    033h
     398 00001558       3f     .byte    03Fh
     399 00001560       3e     .byte    03Eh
     400 00001568       30     .byte    030h
     401 00001570       3f     .byte    03Fh
     402 00001578       1f     .byte    01Fh
     403                    
     404 00001580           I2_AA:
     405 00001580       1e     .byte    01Eh
     406 00001588       3f     .byte    03Fh
     407 00001590       33     .byte    033h
     408 00001598       33     .byte    033h
     409 000015a0       3f     .byte    03Fh
     410 000015a8       3f     .byte    03Fh
     411 000015b0       33     .byte    033h
     412 000015b8       33     .byte    033h
     413                    
     414 000015c0           I2_BB:
     415 000015c0       1f     .byte    01Fh
     416 000015c8       3f     .byte    03Fh
     417 000015d0       33     .byte    033h
     418 000015d8       3f     .byte    03Fh
     419 000015e0       1f     .byte    01Fh
     420 000015e8       33     .byte    033h
     421 000015f0       3f     .byte    03Fh
     422 000015f8       1f     .byte    01Fh
     423                    
     424 00001600           I2_CC:
     425 00001600       3e     .byte    03Eh
     426 00001608       3f     .byte    03Fh
     427 00001610       03     .byte    03h
     428 00001618       03     .byte    03h
     429 00001620       03     .byte    03h
     430 00001628       03     .byte    03h
     431 00001630       3f     .byte    03Fh
     432 00001638       3e     .byte    03Eh
     433                    
     434 00001640           I2_DD:
     435 00001640       1f     .byte    01Fh
     436 00001648       3f     .byte    03Fh
     437 00001650       33     .byte    033h
     438 00001658       33     .byte    033h
     439 00001660       33     .byte    033h
     440 00001668       33     .byte    033h
     441 00001670       3f     .byte    03Fh
TMS340 COFF Macro Assembler Version 6.10     Wed Apr 21 11:41:42 2021
 Copyright (c) 1985-1991  Texas Instruments Incorporated 

SYSFONT.ASM                                                          PAGE    9

     442 00001678       1f     .byte    01Fh
     443                    
     444 00001680           I2_EE:
     445 00001680       3f     .byte    03Fh
     446 00001688       3f     .byte    03Fh
     447 00001690       03     .byte    03h
     448 00001698       3f     .byte    03Fh
     449 000016a0       3f     .byte    03Fh
     450 000016a8       03     .byte    03h
     451 000016b0       3f     .byte    03Fh
     452 000016b8       3f     .byte    03Fh
     453                    
     454 000016c0           I2_FF:
     455 000016c0       3f     .byte    03Fh
     456 000016c8       3f     .byte    03Fh
     457 000016d0       03     .byte    03h
     458 000016d8       3f     .byte    03Fh
     459 000016e0       3f     .byte    03Fh
     460 000016e8       03     .byte    03h
     461 000016f0       03     .byte    03h
     462 000016f8       03     .byte    03h
     463                    
     464 00001700           I2_GG:
     465 00001700       3e     .byte    03Eh
     466 00001708       3f     .byte    03Fh
     467 00001710       03     .byte    03h
     468 00001718       03     .byte    03h
     469 00001720       33     .byte    033h
     470 00001728       33     .byte    033h
     471 00001730       3f     .byte    03Fh
     472 00001738       1e     .byte    01Eh
     473                    
     474 00001740           I2_HH:
     475 00001740       33     .byte    033h
     476 00001748       33     .byte    033h
     477 00001750       33     .byte    033h
     478 00001758       3f     .byte    03Fh
     479 00001760       3f     .byte    03Fh
     480 00001768       33     .byte    033h
     481 00001770       33     .byte    033h
     482 00001778       33     .byte    033h
     483                    
     484 00001780           I2_II:
     485 00001780       03     .byte    03h
     486 00001788       03     .byte    03h
     487 00001790       03     .byte    03h
     488 00001798       03     .byte    03h
     489 000017a0       03     .byte    03h
     490 000017a8       03     .byte    03h
     491 000017b0       03     .byte    03h
     492 000017b8       03     .byte    03h
     493                    
     494 000017c0           I2_JJ:
     495 000017c0       30     .byte    030h
     496 000017c8       30     .byte    030h
TMS340 COFF Macro Assembler Version 6.10     Wed Apr 21 11:41:42 2021
 Copyright (c) 1985-1991  Texas Instruments Incorporated 

SYSFONT.ASM                                                          PAGE   10

     497 000017d0       30     .byte    030h
     498 000017d8       30     .byte    030h
     499 000017e0       30     .byte    030h
     500 000017e8       33     .byte    033h
     501 000017f0       3f     .byte    03Fh
     502 000017f8       1e     .byte    01Eh
     503                    
     504 00001800           I2_KK:
     505 00001800       33     .byte    033h
     506 00001808       33     .byte    033h
     507 00001810       1b     .byte    01Bh
     508 00001818       0f     .byte    0Fh
     509 00001820       1f     .byte    01Fh
     510 00001828       33     .byte    033h
     511 00001830       33     .byte    033h
     512 00001838       33     .byte    033h
     513                    
     514 00001840           I2_LL:
     515 00001840       03     .byte    03h
     516 00001848       03     .byte    03h
     517 00001850       03     .byte    03h
     518 00001858       03     .byte    03h
     519 00001860       03     .byte    03h
     520 00001868       03     .byte    03h
     521 00001870       1f     .byte    01Fh
     522 00001878       1f     .byte    01Fh
     523                    
     524 00001880           I2_MM:
     525 00001880       87     .byte    087h,03h
     526 00001890       cf     .byte    0CFh,03h
     527 000018a0       cf     .byte    0CFh,03h
     528 000018b0       7b     .byte    07Bh,03h
     529 000018c0       7b     .byte    07Bh,03h
     530 000018d0       33     .byte    033h,03h
     531 000018e0       33     .byte    033h,03h
     532 000018f0       33     .byte    033h,03h
     533                    
     534 00001900           I2_NN:
     535 00001900       63     .byte    063h
     536 00001908       67     .byte    067h
     537 00001910       6f     .byte    06Fh
     538 00001918       6f     .byte    06Fh
     539 00001920       7b     .byte    07Bh
     540 00001928       7b     .byte    07Bh
     541 00001930       73     .byte    073h
     542 00001938       63     .byte    063h
     543                    
     544 00001940           I2_OO:
     545 00001940       3e     .byte    03Eh
     546 00001948       7f     .byte    07Fh
     547 00001950       63     .byte    063h
     548 00001958       63     .byte    063h
     549 00001960       63     .byte    063h
     550 00001968       63     .byte    063h
     551 00001970       7f     .byte    07Fh
TMS340 COFF Macro Assembler Version 6.10     Wed Apr 21 11:41:42 2021
 Copyright (c) 1985-1991  Texas Instruments Incorporated 

SYSFONT.ASM                                                          PAGE   11

     552 00001978       3e     .byte    03Eh
     553                    
     554 00001980           I2_PP:
     555 00001980       1f     .byte    01Fh
     556 00001988       3f     .byte    03Fh
     557 00001990       33     .byte    033h
     558 00001998       3f     .byte    03Fh
     559 000019a0       1f     .byte    01Fh
     560 000019a8       03     .byte    03h
     561 000019b0       03     .byte    03h
     562 000019b8       03     .byte    03h
     563                    
     564 000019c0           I2_QQ:
     565 000019c0       3e     .byte    03Eh
     566 000019c8       7f     .byte    07Fh
     567 000019d0       63     .byte    063h
     568 000019d8       63     .byte    063h
     569 000019e0       63     .byte    063h
     570 000019e8       63     .byte    063h
     571 000019f0       7f     .byte    07Fh
     572 000019f8       3e     .byte    03Eh
     573 00001a00       60     .byte    060h
     574 00001a08       60     .byte    060h
     575                    
     576 00001a10           I2_RR:
     577 00001a10       1f     .byte    01Fh
     578 00001a18       3f     .byte    03Fh
     579 00001a20       33     .byte    033h
     580 00001a28       3f     .byte    03Fh
     581 00001a30       1f     .byte    01Fh
     582 00001a38       33     .byte    033h
     583 00001a40       33     .byte    033h
     584 00001a48       33     .byte    033h
     585                    
     586 00001a50           I2_SS:
     587 00001a50       3e     .byte    03Eh
     588 00001a58       3f     .byte    03Fh
     589 00001a60       03     .byte    03h
     590 00001a68       1f     .byte    01Fh
     591 00001a70       3e     .byte    03Eh
     592 00001a78       30     .byte    030h
     593 00001a80       3f     .byte    03Fh
     594 00001a88       1f     .byte    01Fh
     595                    
     596 00001a90           I2_TT:
     597 00001a90       3f     .byte    03Fh
     598 00001a98       3f     .byte    03Fh
     599 00001aa0       0c     .byte    0Ch
     600 00001aa8       0c     .byte    0Ch
     601 00001ab0       0c     .byte    0Ch
     602 00001ab8       0c     .byte    0Ch
     603 00001ac0       0c     .byte    0Ch
     604 00001ac8       0c     .byte    0Ch
     605                    
     606 00001ad0           I2_UU:
TMS340 COFF Macro Assembler Version 6.10     Wed Apr 21 11:41:42 2021
 Copyright (c) 1985-1991  Texas Instruments Incorporated 

SYSFONT.ASM                                                          PAGE   12

     607 00001ad0       33     .byte    033h
     608 00001ad8       33     .byte    033h
     609 00001ae0       33     .byte    033h
     610 00001ae8       33     .byte    033h
     611 00001af0       33     .byte    033h
     612 00001af8       33     .byte    033h
     613 00001b00       3f     .byte    03Fh
     614 00001b08       1e     .byte    01Eh
     615                    
     616 00001b10           I2_VV:
     617 00001b10       63     .byte    063h
     618 00001b18       63     .byte    063h
     619 00001b20       63     .byte    063h
     620 00001b28       36     .byte    036h
     621 00001b30       36     .byte    036h
     622 00001b38       3e     .byte    03Eh
     623 00001b40       1c     .byte    01Ch
     624 00001b48       1c     .byte    01Ch
     625                    
     626 00001b50           I2_WW:
     627 00001b50       23     .byte    023h,06h
     628 00001b60       23     .byte    023h,06h
     629 00001b70       73     .byte    073h,06h
     630 00001b80       76     .byte    076h,03h
     631 00001b90       76     .byte    076h,03h
     632 00001ba0       de     .byte    0DEh,03h
     633 00001bb0       8c     .byte    08Ch,01h
     634 00001bc0       8c     .byte    08Ch,01h
     635                    
     636 00001bd0           I2_XX:
     637 00001bd0       63     .byte    063h
     638 00001bd8       63     .byte    063h
     639 00001be0       36     .byte    036h
     640 00001be8       1c     .byte    01Ch
     641 00001bf0       1c     .byte    01Ch
     642 00001bf8       36     .byte    036h
     643 00001c00       63     .byte    063h
     644 00001c08       63     .byte    063h
     645                    
     646 00001c10           I2_YY:
     647 00001c10       33     .byte    033h
     648 00001c18       33     .byte    033h
     649 00001c20       1e     .byte    01Eh
     650 00001c28       1e     .byte    01Eh
     651 00001c30       0c     .byte    0Ch
     652 00001c38       0c     .byte    0Ch
     653 00001c40       0c     .byte    0Ch
     654 00001c48       0c     .byte    0Ch
     655                    
     656 00001c50           I2_ZZ:
     657 00001c50       3f     .byte    03Fh
     658 00001c58       3f     .byte    03Fh
     659 00001c60       38     .byte    038h
     660 00001c68       1c     .byte    01Ch
     661 00001c70       0e     .byte    0Eh
TMS340 COFF Macro Assembler Version 6.10     Wed Apr 21 11:41:42 2021
 Copyright (c) 1985-1991  Texas Instruments Incorporated 

SYSFONT.ASM                                                          PAGE   13

     662 00001c78       07     .byte    07h
     663 00001c80       3f     .byte    03Fh
     664 00001c88       3f     .byte    03Fh
     665                    

 No Errors,  No Warnings
