TMS340 COFF Macro Assembler Version 6.10     Wed Apr 21 11:40:34 2021
 Copyright (c) 1985-1991  Texas Instruments Incorporated 

                                                                     PAGE    1

       1                            .MLIB   "HHMACS.LIB"
       2                            .FILE   "HHTV.ASM"
       3                            .WIDTH  132
       4                            .OPTION B,D,L,T
       5                            .MNOLIST
       6                    
       7                    **************************************************************************
       8                    *                                                                        *
       9                    *       COPYRIGHT (C) 1994 MIDWAY MANUFACTURING COMPANY.                 *
      10                    *                      ALL RIGHTS RESERVED.                              *
      11                    *                                                                        *
      12                    **************************************************************************
      13                    
      14                    *       GET THE SYSTEM STUFF
      15                            .INCLUDE        "HH.INC"
      16                            .include        "hhtv.e"
      17                            .include        "hhsnd.g"
      18                    
      19                    ; end of include files
      20                    
      21                    
      22 00000000                   .TEXT
      23                    
      24                    *
      25                    *HOOK CALLED WHENEVER TODDVIEW GAINS CONTROL OF THE PROCESSOR
      26 00000000           TVBP
      27 00000000     098f          MMTM    SP,A1,A14
         00000010     4002  
      28 00000020     05a1          move    @INTENB,a1,W    ; disable rom protect interrupt (ext2)
         00000030 c0000110  
      29 00000050     0b81          andni   X2E|DIE,a1
         00000060 00000404  
      30 00000080     0581          move    a1,@INTENB,W
         00000090 c0000110  
      31                    
      32                    ;       MOVE    @INTPEND,A14,W          ;Clear any pending X2E AND DISPLAY INTS
      33                    ;****   ANDNI   X2E,A14
      34                    ;       ANDNI   DIE,A14                 ;**** VERY IMPORTANT **** HOPEFULLY!
      35                    ;       MOVE    A14,@INTPEND,W
      36                    
      37 000000b0     0d5f          CALLA   DEBUG_SNDRST
         000000c0 00000000! 
      38 000000e0     09af          MMFM    SP,A1,A14
         000000f0     4002  
      39 00000100     0960          RETS
      40                    
      41                    *
      42                    *HOOK CALLED BEFORE TODDVIEW GIVES CONTROL BACK TO THE PROGRAM
      43 00000110           TVBPX
      44 00000110                   PUSH    a14
      45 00000120     058e          move    a14,@1e00000h,W ; clear write-to-rom interrupt
         00000130 01e00000  
      46                    
      47 00000150     05ae          move    @INTENB,a14,W
         00000160 c0000110  
TMS340 COFF Macro Assembler Version 6.10     Wed Apr 21 11:40:34 2021
 Copyright (c) 1985-1991  Texas Instruments Incorporated 

                                                                     PAGE    2

      48 00000180     0bae          ori     DIE,a14
         00000190 00000400  
      49 000001b0     058e          move    a14,@INTENB,W
         000001c0 c0000110  
      50                    
      51 000001e0     05ae          move    @INTPEND,a14,W
         000001f0 c0000120  
      52 00000210     0b8e          andni   X2E|DIE,a14
         00000220 00000404  
      53 00000240     058e          move    a14,@INTPEND,W
         00000250 c0000120  
      54                    
      55                    ;       MOVE    @INTPEND,A14,W          ;Clear any pending X2E AND DISPLAY INTS
      56                    ;****   ANDNI   X2E,A14
      57                    ;       ANDNI   DIE,A14                 ;**** VERY IMPORTANT **** HOPEFULLY!
      58                    ;       MOVE    A14,@INTPEND,W
      59                    
      60 00000270                   PULLQ   a14
      61 00000280     0960          RETS
      62                    
      63                    **************************************************************************
      64                    *                                                                        *
      65                    * ROMTRAP - VECTOR FOR ROM TRAP INTERRUPT                                *
      66                    *                                                                        *
      67                    **************************************************************************
      68 00000290           ROMTRAP
      69                            .IF DEBUG
      70                            JRUC    $
      71                            .ENDIF
      72 00000290     0940          RETI
      73                    
      74 000002a0           TVPATCH:
      75 000002a0     0000          .word   0
      76 000002b0     0000          .word   0
      77 000002c0     0000          .word   0
      78 000002d0     0000          .word   0
      79 000002e0     0000          .word   0
      80 000002f0     0000          .word   0
      81 00000300     0000          .word   0
      82 00000310     0000          .word   0
      83 00000320     0000          .word   0
      84 00000330     0000          .word   0
      85 00000340     0000          .word   0
      86 00000350     0000          .word   0
      87 00000360     0000          .word   0
      88 00000370     0000          .word   0
      89 00000380     0000          .word   0
      90 00000390     0000          .word   0
      91 000003a0     0000          .word   0
      92 000003b0     0000          .word   0
      93 000003c0     0000          .word   0
      94 000003d0     0000          .word   0
      95 000003e0     0000          .word   0
      96 000003f0     0000          .word   0
      97 00000400     0000          .word   0
TMS340 COFF Macro Assembler Version 6.10     Wed Apr 21 11:40:34 2021
 Copyright (c) 1985-1991  Texas Instruments Incorporated 

                                                                     PAGE    3

      98 00000410     0000          .word   0
      99 00000420     0000          .word   0
     100 00000430     0000          .word   0
     101 00000440     0000          .word   0
     102 00000450     0000          .word   0
     103 00000460     0000          .word   0
     104 00000470     0000          .word   0
     105 00000480     0000          .word   0
     106 00000490     0000          .word   0
     107 000004a0     0000          .word   0
     108 000004b0     0000          .word   0
     109 000004c0     0000          .word   0
     110 000004d0     0000          .word   0
     111 000004e0     0000          .word   0
     112 000004f0     0000          .word   0
     113 00000500     0000          .word   0
     114 00000510     0000          .word   0
     115 00000520     0000          .word   0
     116 00000530     0000          .word   0
     117 00000540     0000          .word   0
     118 00000550     0000          .word   0
     119 00000560     0000          .word   0
     120 00000570     0000          .word   0
     121 00000580     0000          .word   0
     122 00000590     0000          .word   0
     123 000005a0     0000          .word   0
     124 000005b0     0000          .word   0
     125 000005c0     0000          .word   0
     126 000005d0     0000          .word   0
     127 000005e0           TVPATCHX:
     128                    

 No Errors,  No Warnings
